2026-03-20 23:54:41,526 [INFO] fetch_season: Season 2022: 22 rounds, 1 workers, 8.0s delay.
2026-03-20 23:54:41,531 [INFO] fetch_season: Fetching: 2022 R1 (Bahrain Grand Prix) FP1
core           INFO 	Loading data for Bahrain Grand Prix - Practice 1 [v3.8.1]
req            INFO 	Using cached data for session_info
req            INFO 	Using cached data for driver_info
req            INFO 	Using cached data for session_status_data
req            INFO 	Using cached data for track_status_data
req            INFO 	Using cached data for _extended_timing_data
req            INFO 	Using cached data for timing_app_data
core           INFO 	Processing timing data...
req            INFO 	Using cached data for weather_data
core           INFO 	Finished loading data for 20 drivers: ['1', '3', '4', '6', '10', '11', '14', '16', '18', '20', '22', '23', '24', '27', '31', '44', '47', '55', '63', '77']
2026-03-20 23:54:42,109 [WARNING] src.data.fetcher: No clean laps after filtering: 2022 R1 FP1
2026-03-20 23:54:50,110 [INFO] fetch_season: Skip (cached): 2022 R1 (Bahrain Grand Prix) FP2
2026-03-20 23:54:50,110 [INFO] fetch_season: Skip (cached): 2022 R1 (Bahrain Grand Prix) FP3
2026-03-20 23:54:50,110 [INFO] fetch_season: Round 1 done — 0 new files saved.
2026-03-20 23:54:50,110 [INFO] fetch_season: Skip (cached): 2022 R2 (Saudi Arabian Grand Prix) FP1
2026-03-20 23:54:50,111 [INFO] fetch_season: Skip (cached): 2022 R2 (Saudi Arabian Grand Prix) FP2
2026-03-20 23:54:50,111 [INFO] fetch_season: Skip (cached): 2022 R2 (Saudi Arabian Grand Prix) FP3
2026-03-20 23:54:50,111 [INFO] fetch_season: Round 2 done — 0 new files saved.
2026-03-20 23:54:50,111 [INFO] fetch_season: Skip (cached): 2022 R3 (Australian Grand Prix) FP1
2026-03-20 23:54:50,111 [INFO] fetch_season: Skip (cached): 2022 R3 (Australian Grand Prix) FP2
2026-03-20 23:54:50,111 [INFO] fetch_season: Skip (cached): 2022 R3 (Australian Grand Prix) FP3
2026-03-20 23:54:50,111 [INFO] fetch_season: Round 3 done — 0 new files saved.
2026-03-20 23:54:50,111 [INFO] fetch_season: Fetching: 2022 R4 (Emilia Romagna Grand Prix) FP1
core           INFO 	Loading data for Emilia Romagna Grand Prix - Practice 1 [v3.8.1]
req            INFO 	Using cached data for session_info
req            INFO 	Using cached data for driver_info
req            INFO 	Using cached data for session_status_data
req            INFO 	Using cached data for track_status_data
req            INFO 	Using cached data for _extended_timing_data
req            INFO 	Using cached data for timing_app_data
core           INFO 	Processing timing data...
core        WARNING 	Fixed incorrect tyre stint information for driver '18'
req            INFO 	Using cached data for weather_data
core           INFO 	Finished loading data for 20 drivers: ['1', '3', '4', '5', '6', '10', '11', '14', '16', '18', '20', '22', '23', '24', '31', '44', '47', '55', '63', '77']
2026-03-20 23:54:50,863 [WARNING] src.data.fetcher: No clean laps after filtering: 2022 R4 FP1
2026-03-20 23:54:58,864 [INFO] fetch_season: Skip (cached): 2022 R4 (Emilia Romagna Grand Prix) SQ
2026-03-20 23:54:58,864 [INFO] fetch_season: Round 4 done — 0 new files saved.
2026-03-20 23:54:58,864 [INFO] fetch_season: Skip (cached): 2022 R5 (Miami Grand Prix) FP1
2026-03-20 23:54:58,864 [INFO] fetch_season: Skip (cached): 2022 R5 (Miami Grand Prix) FP2
2026-03-20 23:54:58,865 [INFO] fetch_season: Skip (cached): 2022 R5 (Miami Grand Prix) FP3
2026-03-20 23:54:58,865 [INFO] fetch_season: Round 5 done — 0 new files saved.
2026-03-20 23:54:58,865 [INFO] fetch_season: Skip (cached): 2022 R6 (Spanish Grand Prix) FP1
2026-03-20 23:54:58,865 [INFO] fetch_season: Skip (cached): 2022 R6 (Spanish Grand Prix) FP2
2026-03-20 23:54:58,865 [INFO] fetch_season: Skip (cached): 2022 R6 (Spanish Grand Prix) FP3
2026-03-20 23:54:58,865 [INFO] fetch_season: Round 6 done — 0 new files saved.
2026-03-20 23:54:58,865 [INFO] fetch_season: Skip (cached): 2022 R7 (Monaco Grand Prix) FP1
2026-03-20 23:54:58,866 [INFO] fetch_season: Skip (cached): 2022 R7 (Monaco Grand Prix) FP2
2026-03-20 23:54:58,866 [INFO] fetch_season: Skip (cached): 2022 R7 (Monaco Grand Prix) FP3
2026-03-20 23:54:58,866 [INFO] fetch_season: Round 7 done — 0 new files saved.
2026-03-20 23:54:58,866 [INFO] fetch_season: Skip (cached): 2022 R8 (Azerbaijan Grand Prix) FP1
2026-03-20 23:54:58,866 [INFO] fetch_season: Skip (cached): 2022 R8 (Azerbaijan Grand Prix) FP2
2026-03-20 23:54:58,866 [INFO] fetch_season: Skip (cached): 2022 R8 (Azerbaijan Grand Prix) FP3
2026-03-20 23:54:58,866 [INFO] fetch_season: Round 8 done — 0 new files saved.
2026-03-20 23:54:58,866 [INFO] fetch_season: Skip (cached): 2022 R9 (Canadian Grand Prix) FP1
2026-03-20 23:54:58,867 [INFO] fetch_season: Skip (cached): 2022 R9 (Canadian Grand Prix) FP2
2026-03-20 23:54:58,867 [INFO] fetch_season: Fetching: 2022 R9 (Canadian Grand Prix) FP3
core           INFO 	Loading data for Canadian Grand Prix - Practice 3 [v3.8.1]
req            INFO 	Using cached data for session_info
req            INFO 	Using cached data for driver_info
req            INFO 	Using cached data for session_status_data
req            INFO 	Using cached data for track_status_data
req            INFO 	Using cached data for _extended_timing_data
req            INFO 	Using cached data for timing_app_data
core           INFO 	Processing timing data...
req            INFO 	Using cached data for weather_data
core           INFO 	Finished loading data for 20 drivers: ['1', '3', '4', '5', '6', '10', '11', '14', '16', '18', '20', '22', '23', '24', '31', '44', '47', '55', '63', '77']
2026-03-20 23:54:59,484 [WARNING] src.data.fetcher: No clean laps after filtering: 2022 R9 FP3
2026-03-20 23:55:07,485 [INFO] fetch_season: Round 9 done — 0 new files saved.
2026-03-20 23:55:07,485 [INFO] fetch_season: Fetching: 2022 R10 (British Grand Prix) FP1
core           INFO 	Loading data for British Grand Prix - Practice 1 [v3.8.1]
req            INFO 	Using cached data for session_info
req            INFO 	Using cached data for driver_info
req            INFO 	Using cached data for session_status_data
req            INFO 	Using cached data for track_status_data
req            INFO 	Using cached data for _extended_timing_data
req            INFO 	Using cached data for timing_app_data
core           INFO 	Processing timing data...
req            INFO 	Using cached data for weather_data
core           INFO 	Finished loading data for 20 drivers: ['1', '3', '4', '5', '6', '10', '11', '14', '16', '18', '20', '22', '23', '24', '31', '44', '47', '55', '63', '77']
2026-03-20 23:55:07,992 [WARNING] src.data.fetcher: No clean laps after filtering: 2022 R10 FP1
2026-03-20 23:55:15,993 [INFO] fetch_season: Skip (cached): 2022 R10 (British Grand Prix) FP2
2026-03-20 23:55:15,993 [INFO] fetch_season: Skip (cached): 2022 R10 (British Grand Prix) FP3
2026-03-20 23:55:15,993 [INFO] fetch_season: Round 10 done — 0 new files saved.
2026-03-20 23:55:15,993 [INFO] fetch_season: Skip (cached): 2022 R11 (Austrian Grand Prix) FP1
2026-03-20 23:55:15,994 [INFO] fetch_season: Skip (cached): 2022 R11 (Austrian Grand Prix) SQ
2026-03-20 23:55:15,994 [INFO] fetch_season: Round 11 done — 0 new files saved.
2026-03-20 23:55:15,994 [INFO] fetch_season: Skip (cached): 2022 R12 (French Grand Prix) FP1
2026-03-20 23:55:15,994 [INFO] fetch_season: Skip (cached): 2022 R12 (French Grand Prix) FP2
2026-03-20 23:55:15,994 [INFO] fetch_season: Skip (cached): 2022 R12 (French Grand Prix) FP3
core           INFO 	Loading data for French Grand Prix - Qualifying [v3.8.1]
req            INFO 	No cached data found for session_info. Loading data...
_api           INFO 	Fetching session info data...
req            INFO 	Data has been written to cache!
req            INFO 	No cached data found for driver_info. Loading data...
_api           INFO 	Fetching driver list...
req            INFO 	Data has been written to cache!
core           INFO 	Finished loading data for 20 drivers: ['16', '1', '11', '44', '4', '63', '14', '22', '55', '20', '3', '31', '77', '5', '23', '10', '18', '24', '47', '6']
2026-03-20 23:55:17,484 [INFO] fetch_season: Saved quali results: data/raw/2022_R12_Q_results.parquet
2026-03-20 23:55:17,484 [INFO] fetch_season: Round 12 done — 0 new files saved.
2026-03-20 23:55:17,484 [INFO] fetch_season: Skip (cached): 2022 R13 (Hungarian Grand Prix) FP1
2026-03-20 23:55:17,485 [INFO] fetch_season: Fetching: 2022 R13 (Hungarian Grand Prix) FP2
core           INFO 	Loading data for Hungarian Grand Prix - Practice 2 [v3.8.1]
req            INFO 	Using cached data for session_info
req            INFO 	Using cached data for driver_info
req            INFO 	Using cached data for session_status_data
req            INFO 	Using cached data for track_status_data
req            INFO 	Using cached data for _extended_timing_data
req            INFO 	No cached data found for timing_app_data. Loading data...
_api           INFO 	Fetching timing app data...
req            INFO 	Data has been written to cache!
core           INFO 	Processing timing data...
req            INFO 	No cached data found for weather_data. Loading data...
_api           INFO 	Fetching weather data...
req            INFO 	Data has been written to cache!
core           INFO 	Finished loading data for 20 drivers: ['1', '3', '4', '5', '6', '10', '11', '14', '16', '18', '20', '22', '23', '24', '31', '44', '47', '55', '63', '77']
2026-03-20 23:55:19,354 [INFO] src.data.fetcher: Fetched 100 laps (5 fastest/driver), 14 cols: 2022 R13 FP2
2026-03-20 23:55:19,359 [INFO] src.data.loader: Saved raw data: data/raw/2022_R13_FP2.parquet
2026-03-20 23:55:27,361 [INFO] fetch_season: Fetching: 2022 R13 (Hungarian Grand Prix) FP3
core           INFO 	Loading data for Hungarian Grand Prix - Practice 3 [v3.8.1]
req            INFO 	No cached data found for session_info. Loading data...
_api           INFO 	Fetching session info data...
req            INFO 	Data has been written to cache!
req            INFO 	No cached data found for driver_info. Loading data...
_api           INFO 	Fetching driver list...
req            INFO 	Data has been written to cache!
req            INFO 	No cached data found for session_status_data. Loading data...
_api           INFO 	Fetching session status data...
req            INFO 	Data has been written to cache!
req            INFO 	No cached data found for track_status_data. Loading data...
_api           INFO 	Fetching track status data...
req            INFO 	Data has been written to cache!
req            INFO 	No cached data found for _extended_timing_data. Loading data...
_api           INFO 	Fetching timing data...
_api           INFO 	Parsing timing data...
req            INFO 	Data has been written to cache!
req            INFO 	No cached data found for timing_app_data. Loading data...
_api           INFO 	Fetching timing app data...
req            INFO 	Data has been written to cache!
core           INFO 	Processing timing data...
req            INFO 	No cached data found for weather_data. Loading data...
_api           INFO 	Fetching weather data...
req            INFO 	Data has been written to cache!
core           INFO 	Finished loading data for 20 drivers: ['1', '3', '4', '5', '6', '10', '11', '14', '16', '18', '20', '22', '23', '24', '31', '44', '47', '55', '63', '77']
2026-03-20 23:55:32,376 [WARNING] src.data.fetcher: No clean laps after filtering: 2022 R13 FP3
core           INFO 	Loading data for Hungarian Grand Prix - Qualifying [v3.8.1]
req            INFO 	No cached data found for session_info. Loading data...
_api           INFO 	Fetching session info data...
req            INFO 	Data has been written to cache!
req            INFO 	No cached data found for driver_info. Loading data...
_api           INFO 	Fetching driver list...
req            INFO 	Data has been written to cache!
core           INFO 	Finished loading data for 20 drivers: ['63', '55', '16', '4', '31', '14', '44', '77', '3', '1', '11', '24', '20', '18', '47', '22', '23', '5', '10', '6']
2026-03-20 23:55:41,760 [INFO] fetch_season: Saved quali results: data/raw/2022_R13_Q_results.parquet
2026-03-20 23:55:41,761 [INFO] fetch_season: Round 13 done — 1 new files saved.
2026-03-20 23:55:41,761 [INFO] fetch_season: Fetching: 2022 R14 (Belgian Grand Prix) FP1
core           INFO 	Loading data for Belgian Grand Prix - Practice 1 [v3.8.1]
req            INFO 	Using cached data for session_info
req            INFO 	Using cached data for driver_info
req            INFO 	Using cached data for session_status_data
req            INFO 	Using cached data for track_status_data
req            INFO 	Using cached data for _extended_timing_data
req            INFO 	No cached data found for timing_app_data. Loading data...
_api           INFO 	Fetching timing app data...
req            INFO 	Data has been written to cache!
core           INFO 	Processing timing data...
req            INFO 	No cached data found for weather_data. Loading data...
_api           INFO 	Fetching weather data...
req            INFO 	Data has been written to cache!
core           INFO 	Finished loading data for 20 drivers: ['1', '3', '4', '5', '6', '11', '14', '16', '18', '20', '22', '23', '24', '31', '40', '44', '47', '55', '63', '77']
2026-03-20 23:55:43,472 [WARNING] src.data.fetcher: No clean laps after filtering: 2022 R14 FP1
2026-03-20 23:55:51,473 [INFO] fetch_season: Fetching: 2022 R14 (Belgian Grand Prix) FP2
core           INFO 	Loading data for Belgian Grand Prix - Practice 2 [v3.8.1]
req            INFO 	No cached data found for session_info. Loading data...
_api           INFO 	Fetching session info data...
req            INFO 	Data has been written to cache!
req            INFO 	No cached data found for driver_info. Loading data...
_api           INFO 	Fetching driver list...
req            INFO 	Data has been written to cache!
req            INFO 	No cached data found for session_status_data. Loading data...
_api           INFO 	Fetching session status data...
req            INFO 	Data has been written to cache!
req            INFO 	No cached data found for track_status_data. Loading data...
_api           INFO 	Fetching track status data...
req            INFO 	Data has been written to cache!
req            INFO 	No cached data found for _extended_timing_data. Loading data...
_api           INFO 	Fetching timing data...
_api           INFO 	Parsing timing data...
req            INFO 	Data has been written to cache!
req            INFO 	No cached data found for timing_app_data. Loading data...
_api           INFO 	Fetching timing app data...
req            INFO 	Data has been written to cache!
core           INFO 	Processing timing data...
req            INFO 	No cached data found for weather_data. Loading data...
_api           INFO 	Fetching weather data...
req            INFO 	Data has been written to cache!
core           INFO 	Finished loading data for 20 drivers: ['1', '3', '4', '5', '6', '10', '11', '14', '16', '18', '20', '22', '23', '24', '31', '44', '47', '55', '63', '77']
2026-03-20 23:55:56,631 [INFO] src.data.fetcher: Fetched 100 laps (5 fastest/driver), 14 cols: 2022 R14 FP2
2026-03-20 23:55:56,637 [INFO] src.data.loader: Saved raw data: data/raw/2022_R14_FP2.parquet
2026-03-20 23:56:04,638 [INFO] fetch_season: Fetching: 2022 R14 (Belgian Grand Prix) FP3
core           INFO 	Loading data for Belgian Grand Prix - Practice 3 [v3.8.1]
req            INFO 	No cached data found for session_info. Loading data...
_api           INFO 	Fetching session info data...
req            INFO 	Data has been written to cache!
req            INFO 	No cached data found for driver_info. Loading data...
_api           INFO 	Fetching driver list...
req            INFO 	Data has been written to cache!
req            INFO 	No cached data found for session_status_data. Loading data...
_api           INFO 	Fetching session status data...
req            INFO 	Data has been written to cache!
req            INFO 	No cached data found for track_status_data. Loading data...
_api           INFO 	Fetching track status data...
req            INFO 	Data has been written to cache!
req            INFO 	No cached data found for _extended_timing_data. Loading data...
_api           INFO 	Fetching timing data...
_api           INFO 	Parsing timing data...
req            INFO 	Data has been written to cache!
req            INFO 	No cached data found for timing_app_data. Loading data...
_api           INFO 	Fetching timing app data...
req            INFO 	Data has been written to cache!
core           INFO 	Processing timing data...
req            INFO 	No cached data found for weather_data. Loading data...
_api           INFO 	Fetching weather data...
req            INFO 	Data has been written to cache!
core           INFO 	Finished loading data for 20 drivers: ['1', '3', '4', '5', '6', '10', '11', '14', '16', '18', '20', '22', '23', '24', '31', '44', '47', '55', '63', '77']
2026-03-20 23:56:09,768 [INFO] src.data.fetcher: Fetched 97 laps (5 fastest/driver), 14 cols: 2022 R14 FP3
2026-03-20 23:56:09,774 [INFO] src.data.loader: Saved raw data: data/raw/2022_R14_FP3.parquet
core           INFO 	Loading data for Belgian Grand Prix - Qualifying [v3.8.1]
req            INFO 	No cached data found for session_info. Loading data...
_api           INFO 	Fetching session info data...
req            INFO 	Data has been written to cache!
req            INFO 	No cached data found for driver_info. Loading data...
_api           INFO 	Fetching driver list...
req            INFO 	Data has been written to cache!
core           INFO 	Finished loading data for 20 drivers: ['1', '55', '11', '16', '31', '14', '44', '63', '23', '4', '3', '10', '24', '18', '47', '5', '6', '20', '22', '77']
2026-03-20 23:56:19,618 [INFO] fetch_season: Saved quali results: data/raw/2022_R14_Q_results.parquet
2026-03-20 23:56:19,618 [INFO] fetch_season: Round 14 done — 2 new files saved.
2026-03-20 23:56:19,618 [INFO] fetch_season: Fetching: 2022 R15 (Dutch Grand Prix) FP1
core           INFO 	Loading data for Dutch Grand Prix - Practice 1 [v3.8.1]
req            INFO 	No cached data found for session_info. Loading data...
_api           INFO 	Fetching session info data...
req            INFO 	Data has been written to cache!
req            INFO 	No cached data found for driver_info. Loading data...
_api           INFO 	Fetching driver list...
req            INFO 	Data has been written to cache!
req            INFO 	No cached data found for session_status_data. Loading data...
_api           INFO 	Fetching session status data...
req            INFO 	Data has been written to cache!
req            INFO 	No cached data found for track_status_data. Loading data...
_api           INFO 	Fetching track status data...
req            INFO 	Data has been written to cache!
req            INFO 	No cached data found for _extended_timing_data. Loading data...
_api           INFO 	Fetching timing data...
_api           INFO 	Parsing timing data...
req            INFO 	Data has been written to cache!
req            INFO 	No cached data found for timing_app_data. Loading data...
_api           INFO 	Fetching timing app data...
req            INFO 	Data has been written to cache!
core           INFO 	Processing timing data...
core        WARNING 	Fixed incorrect tyre stint information for driver '47'
req            INFO 	No cached data found for weather_data. Loading data...
_api           INFO 	Fetching weather data...
req            INFO 	Data has been written to cache!
core           INFO 	Finished loading data for 20 drivers: ['1', '3', '4', '5', '6', '10', '11', '14', '16', '18', '20', '22', '23', '24', '31', '44', '47', '55', '63', '77']
2026-03-20 23:56:25,754 [INFO] src.data.fetcher: Fetched 100 laps (5 fastest/driver), 14 cols: 2022 R15 FP1
2026-03-20 23:56:25,758 [INFO] src.data.loader: Saved raw data: data/raw/2022_R15_FP1.parquet
2026-03-20 23:56:33,760 [INFO] fetch_season: Fetching: 2022 R15 (Dutch Grand Prix) FP2
core           INFO 	Loading data for Dutch Grand Prix - Practice 2 [v3.8.1]
req            INFO 	No cached data found for session_info. Loading data...
_api           INFO 	Fetching session info data...
req            INFO 	Data has been written to cache!
req            INFO 	No cached data found for driver_info. Loading data...
_api           INFO 	Fetching driver list...
req            INFO 	Data has been written to cache!
req            INFO 	No cached data found for session_status_data. Loading data...
_api           INFO 	Fetching session status data...
req            INFO 	Data has been written to cache!
req            INFO 	No cached data found for track_status_data. Loading data...
_api           INFO 	Fetching track status data...
req            INFO 	Data has been written to cache!
req            INFO 	No cached data found for _extended_timing_data. Loading data...
_api           INFO 	Fetching timing data...
_api           INFO 	Parsing timing data...
_api        WARNING 	Driver  4: Encountered 1 timing integrity error(s) near lap(s): [6].
This might be a bug and should be reported.
_api        WARNING 	Driver 23: Encountered 1 timing integrity error(s) near lap(s): [5].
This might be a bug and should be reported.
_api        WARNING 	Driver 77: Encountered 1 timing integrity error(s) near lap(s): [6].
This might be a bug and should be reported.
req            INFO 	Data has been written to cache!
req            INFO 	No cached data found for timing_app_data. Loading data...
_api           INFO 	Fetching timing app data...
req            INFO 	Data has been written to cache!
core           INFO 	Processing timing data...
core        WARNING 	No tyre data for driver 10
req            INFO 	No cached data found for weather_data. Loading data...
_api           INFO 	Fetching weather data...
req            INFO 	Data has been written to cache!
core           INFO 	Finished loading data for 20 drivers: ['1', '3', '4', '5', '6', '10', '11', '14', '16', '18', '20', '22', '23', '24', '31', '44', '47', '55', '63', '77']
2026-03-20 23:56:39,361 [INFO] src.data.fetcher: Fetched 100 laps (5 fastest/driver), 14 cols: 2022 R15 FP2
2026-03-20 23:56:39,365 [INFO] src.data.loader: Saved raw data: data/raw/2022_R15_FP2.parquet
2026-03-20 23:56:47,367 [INFO] fetch_season: Fetching: 2022 R15 (Dutch Grand Prix) FP3
core           INFO 	Loading data for Dutch Grand Prix - Practice 3 [v3.8.1]
req            INFO 	No cached data found for session_info. Loading data...
_api           INFO 	Fetching session info data...
req            INFO 	Data has been written to cache!
req            INFO 	No cached data found for driver_info. Loading data...
_api           INFO 	Fetching driver list...
req            INFO 	Data has been written to cache!
req            INFO 	No cached data found for session_status_data. Loading data...
_api           INFO 	Fetching session status data...
req            INFO 	Data has been written to cache!
req            INFO 	No cached data found for track_status_data. Loading data...
_api           INFO 	Fetching track status data...
req            INFO 	Data has been written to cache!
req            INFO 	No cached data found for _extended_timing_data. Loading data...
_api           INFO 	Fetching timing data...
_api           INFO 	Parsing timing data...
_api        WARNING 	Driver  5: Encountered 1 timing integrity error(s) near lap(s): [25].
This might be a bug and should be reported.
req            INFO 	Data has been written to cache!
req            INFO 	No cached data found for timing_app_data. Loading data...
_api           INFO 	Fetching timing app data...
req            INFO 	Data has been written to cache!
core           INFO 	Processing timing data...
req            INFO 	No cached data found for weather_data. Loading data...
_api           INFO 	Fetching weather data...
req            INFO 	Data has been written to cache!
core           INFO 	Finished loading data for 20 drivers: ['1', '3', '4', '5', '6', '10', '11', '14', '16', '18', '20', '22', '23', '24', '31', '44', '47', '55', '63', '77']
2026-03-20 23:56:53,831 [INFO] src.data.fetcher: Fetched 100 laps (5 fastest/driver), 14 cols: 2022 R15 FP3
2026-03-20 23:56:53,835 [INFO] src.data.loader: Saved raw data: data/raw/2022_R15_FP3.parquet
core           INFO 	Loading data for Dutch Grand Prix - Qualifying [v3.8.1]
req            INFO 	No cached data found for session_info. Loading data...
_api           INFO 	Fetching session info data...
req            INFO 	Data has been written to cache!
req            INFO 	No cached data found for driver_info. Loading data...
_api           INFO 	Fetching driver list...
req            INFO 	Data has been written to cache!
core           INFO 	Finished loading data for 20 drivers: ['1', '16', '55', '44', '11', '63', '4', '47', '22', '18', '10', '31', '14', '24', '23', '77', '3', '20', '5', '6']
2026-03-20 23:57:03,178 [INFO] fetch_season: Saved quali results: data/raw/2022_R15_Q_results.parquet
2026-03-20 23:57:03,178 [INFO] fetch_season: Round 15 done — 3 new files saved.
2026-03-20 23:57:03,178 [INFO] fetch_season: Fetching: 2022 R16 (Italian Grand Prix) FP1
core           INFO 	Loading data for Italian Grand Prix - Practice 1 [v3.8.1]
req            INFO 	No cached data found for session_info. Loading data...
_api           INFO 	Fetching session info data...
req            INFO 	Data has been written to cache!
req            INFO 	No cached data found for driver_info. Loading data...
_api           INFO 	Fetching driver list...
req            INFO 	Data has been written to cache!
req            INFO 	No cached data found for session_status_data. Loading data...
_api           INFO 	Fetching session status data...
req            INFO 	Data has been written to cache!
req            INFO 	No cached data found for track_status_data. Loading data...
_api           INFO 	Fetching track status data...
req            INFO 	Data has been written to cache!
req            INFO 	No cached data found for _extended_timing_data. Loading data...
_api           INFO 	Fetching timing data...
_api           INFO 	Parsing timing data...
req            INFO 	Data has been written to cache!
req            INFO 	No cached data found for timing_app_data. Loading data...
_api           INFO 	Fetching timing app data...
req            INFO 	Data has been written to cache!
core           INFO 	Processing timing data...
req            INFO 	No cached data found for weather_data. Loading data...
_api           INFO 	Fetching weather data...
req            INFO 	Data has been written to cache!
core           INFO 	Finished loading data for 20 drivers: ['1', '3', '4', '6', '10', '11', '14', '16', '18', '20', '22', '23', '24', '31', '34', '44', '55', '63', '77', '99']
2026-03-20 23:57:09,382 [INFO] src.data.fetcher: Fetched 100 laps (5 fastest/driver), 14 cols: 2022 R16 FP1
2026-03-20 23:57:09,387 [INFO] src.data.loader: Saved raw data: data/raw/2022_R16_FP1.parquet
2026-03-20 23:57:17,388 [INFO] fetch_season: Fetching: 2022 R16 (Italian Grand Prix) FP2
core           INFO 	Loading data for Italian Grand Prix - Practice 2 [v3.8.1]
req            INFO 	No cached data found for session_info. Loading data...
_api           INFO 	Fetching session info data...
req            INFO 	Data has been written to cache!
req            INFO 	No cached data found for driver_info. Loading data...
_api           INFO 	Fetching driver list...
req            INFO 	Data has been written to cache!
req            INFO 	No cached data found for session_status_data. Loading data...
_api           INFO 	Fetching session status data...
req            INFO 	Data has been written to cache!
req            INFO 	No cached data found for track_status_data. Loading data...
_api           INFO 	Fetching track status data...
req            INFO 	Data has been written to cache!
req            INFO 	No cached data found for _extended_timing_data. Loading data...
_api           INFO 	Fetching timing data...
_api           INFO 	Parsing timing data...
req            INFO 	Data has been written to cache!
req            INFO 	No cached data found for timing_app_data. Loading data...
_api           INFO 	Fetching timing app data...
req            INFO 	Data has been written to cache!
core           INFO 	Processing timing data...
req            INFO 	No cached data found for weather_data. Loading data...
_api           INFO 	Fetching weather data...
req            INFO 	Data has been written to cache!
core           INFO 	Finished loading data for 20 drivers: ['1', '3', '4', '5', '6', '10', '11', '14', '16', '18', '20', '22', '23', '24', '31', '44', '47', '55', '63', '77']
2026-03-20 23:57:22,722 [INFO] src.data.fetcher: Fetched 100 laps (5 fastest/driver), 14 cols: 2022 R16 FP2
2026-03-20 23:57:22,726 [INFO] src.data.loader: Saved raw data: data/raw/2022_R16_FP2.parquet
2026-03-20 23:57:30,727 [INFO] fetch_season: Fetching: 2022 R16 (Italian Grand Prix) FP3
core           INFO 	Loading data for Italian Grand Prix - Practice 3 [v3.8.1]
req            INFO 	No cached data found for session_info. Loading data...
_api           INFO 	Fetching session info data...
req            INFO 	Data has been written to cache!
req            INFO 	No cached data found for driver_info. Loading data...
_api           INFO 	Fetching driver list...
req            INFO 	Data has been written to cache!
req            INFO 	No cached data found for session_status_data. Loading data...
_api           INFO 	Fetching session status data...
req            INFO 	Data has been written to cache!
req            INFO 	No cached data found for track_status_data. Loading data...
_api           INFO 	Fetching track status data...
req            INFO 	Data has been written to cache!
req            INFO 	No cached data found for _extended_timing_data. Loading data...
_api           INFO 	Fetching timing data...
_api           INFO 	Parsing timing data...
req            INFO 	Data has been written to cache!
req            INFO 	No cached data found for timing_app_data. Loading data...
_api           INFO 	Fetching timing app data...
req            INFO 	Data has been written to cache!
core           INFO 	Processing timing data...
req            INFO 	No cached data found for weather_data. Loading data...
_api           INFO 	Fetching weather data...
req            INFO 	Data has been written to cache!
core           INFO 	Finished loading data for 20 drivers: ['1', '3', '4', '5', '6', '10', '11', '14', '16', '18', '20', '22', '24', '31', '44', '45', '47', '55', '63', '77']
2026-03-20 23:57:35,898 [INFO] src.data.fetcher: Fetched 100 laps (5 fastest/driver), 14 cols: 2022 R16 FP3
2026-03-20 23:57:35,903 [INFO] src.data.loader: Saved raw data: data/raw/2022_R16_FP3.parquet
core           INFO 	Loading data for Italian Grand Prix - Qualifying [v3.8.1]
req            INFO 	No cached data found for session_info. Loading data...
_api           INFO 	Fetching session info data...
req            INFO 	Data has been written to cache!
req            INFO 	No cached data found for driver_info. Loading data...
_api           INFO 	Fetching driver list...
req            INFO 	Data has been written to cache!
core           INFO 	Finished loading data for 20 drivers: ['16', '1', '55', '11', '44', '63', '4', '3', '10', '14', '31', '77', '45', '24', '22', '6', '5', '18', '20', '47']
2026-03-20 23:57:45,327 [INFO] fetch_season: Saved quali results: data/raw/2022_R16_Q_results.parquet
2026-03-20 23:57:45,327 [INFO] fetch_season: Round 16 done — 3 new files saved.
2026-03-20 23:57:45,327 [INFO] fetch_season: Fetching: 2022 R17 (Singapore Grand Prix) FP1
core           INFO 	Loading data for Singapore Grand Prix - Practice 1 [v3.8.1]
req            INFO 	No cached data found for session_info. Loading data...
_api           INFO 	Fetching session info data...
req            INFO 	Data has been written to cache!
req            INFO 	No cached data found for driver_info. Loading data...
_api           INFO 	Fetching driver list...
req            INFO 	Data has been written to cache!
req            INFO 	No cached data found for session_status_data. Loading data...
_api           INFO 	Fetching session status data...
req            INFO 	Data has been written to cache!
req            INFO 	No cached data found for track_status_data. Loading data...
_api           INFO 	Fetching track status data...
req            INFO 	Data has been written to cache!
req            INFO 	No cached data found for _extended_timing_data. Loading data...
_api           INFO 	Fetching timing data...
_api           INFO 	Parsing timing data...
req            INFO 	Data has been written to cache!
req            INFO 	No cached data found for timing_app_data. Loading data...
_api           INFO 	Fetching timing app data...
req            INFO 	Data has been written to cache!
core           INFO 	Processing timing data...
req            INFO 	No cached data found for weather_data. Loading data...
_api           INFO 	Fetching weather data...
req            INFO 	Data has been written to cache!
core           INFO 	Finished loading data for 20 drivers: ['1', '3', '4', '5', '6', '10', '11', '14', '16', '18', '20', '22', '23', '24', '31', '44', '47', '55', '63', '77']
2026-03-20 23:57:51,016 [INFO] src.data.fetcher: Fetched 100 laps (5 fastest/driver), 14 cols: 2022 R17 FP1
2026-03-20 23:57:51,020 [INFO] src.data.loader: Saved raw data: data/raw/2022_R17_FP1.parquet
2026-03-20 23:57:59,022 [INFO] fetch_season: Fetching: 2022 R17 (Singapore Grand Prix) FP2
core           INFO 	Loading data for Singapore Grand Prix - Practice 2 [v3.8.1]
req            INFO 	No cached data found for session_info. Loading data...
_api           INFO 	Fetching session info data...
req            INFO 	Data has been written to cache!
req            INFO 	No cached data found for driver_info. Loading data...
_api           INFO 	Fetching driver list...
req            INFO 	Data has been written to cache!
req            INFO 	No cached data found for session_status_data. Loading data...
_api           INFO 	Fetching session status data...
req            INFO 	Data has been written to cache!
req            INFO 	No cached data found for track_status_data. Loading data...
_api           INFO 	Fetching track status data...
req            INFO 	Data has been written to cache!
req            INFO 	No cached data found for _extended_timing_data. Loading data...
_api           INFO 	Fetching timing data...
_api           INFO 	Parsing timing data...
req            INFO 	Data has been written to cache!
req            INFO 	No cached data found for timing_app_data. Loading data...
_api           INFO 	Fetching timing app data...
req            INFO 	Data has been written to cache!
core           INFO 	Processing timing data...
req            INFO 	No cached data found for weather_data. Loading data...
_api           INFO 	Fetching weather data...
req            INFO 	Data has been written to cache!
core           INFO 	Finished loading data for 20 drivers: ['1', '3', '4', '5', '6', '10', '11', '14', '16', '18', '20', '22', '23', '24', '31', '44', '47', '55', '63', '77']
2026-03-20 23:58:04,659 [INFO] src.data.fetcher: Fetched 98 laps (5 fastest/driver), 14 cols: 2022 R17 FP2
2026-03-20 23:58:04,663 [INFO] src.data.loader: Saved raw data: data/raw/2022_R17_FP2.parquet
2026-03-20 23:58:12,665 [INFO] fetch_season: Fetching: 2022 R17 (Singapore Grand Prix) FP3
core           INFO 	Loading data for Singapore Grand Prix - Practice 3 [v3.8.1]
req            INFO 	No cached data found for session_info. Loading data...
_api           INFO 	Fetching session info data...
req            INFO 	Data has been written to cache!
req            INFO 	No cached data found for driver_info. Loading data...
_api           INFO 	Fetching driver list...
req            INFO 	Data has been written to cache!
req            INFO 	No cached data found for session_status_data. Loading data...
_api           INFO 	Fetching session status data...
req            INFO 	Data has been written to cache!
req            INFO 	No cached data found for track_status_data. Loading data...
_api           INFO 	Fetching track status data...
req            INFO 	Data has been written to cache!
req            INFO 	No cached data found for _extended_timing_data. Loading data...
_api           INFO 	Fetching timing data...
_api           INFO 	Parsing timing data...
req            INFO 	Data has been written to cache!
req            INFO 	No cached data found for timing_app_data. Loading data...
_api           INFO 	Fetching timing app data...
req            INFO 	Data has been written to cache!
core           INFO 	Processing timing data...
req            INFO 	No cached data found for weather_data. Loading data...
_api           INFO 	Fetching weather data...
req            INFO 	Data has been written to cache!
core           INFO 	Finished loading data for 20 drivers: ['1', '3', '4', '5', '6', '10', '11', '14', '16', '18', '20', '22', '23', '24', '31', '44', '47', '55', '63', '77']
2026-03-20 23:58:18,331 [WARNING] src.data.fetcher: No clean laps after filtering: 2022 R17 FP3
core           INFO 	Loading data for Singapore Grand Prix - Qualifying [v3.8.1]
req            INFO 	No cached data found for session_info. Loading data...
_api           INFO 	Fetching session info data...
req            INFO 	Data has been written to cache!
req            INFO 	No cached data found for driver_info. Loading data...
_api           INFO 	Fetching driver list...
req            INFO 	Data has been written to cache!
core           INFO 	Finished loading data for 20 drivers: ['16', '11', '44', '55', '14', '4', '10', '1', '20', '22', '63', '18', '47', '5', '24', '77', '3', '31', '23', '6']
2026-03-20 23:58:27,887 [INFO] fetch_season: Saved quali results: data/raw/2022_R17_Q_results.parquet
2026-03-20 23:58:27,887 [INFO] fetch_season: Round 17 done — 2 new files saved.
2026-03-20 23:58:27,887 [INFO] fetch_season: Fetching: 2022 R18 (Japanese Grand Prix) FP1
core           INFO 	Loading data for Japanese Grand Prix - Practice 1 [v3.8.1]
req            INFO 	No cached data found for session_info. Loading data...
_api           INFO 	Fetching session info data...
req            INFO 	Data has been written to cache!
req            INFO 	No cached data found for driver_info. Loading data...
_api           INFO 	Fetching driver list...
req            INFO 	Data has been written to cache!
req            INFO 	No cached data found for session_status_data. Loading data...
_api           INFO 	Fetching session status data...
req            INFO 	Data has been written to cache!
req            INFO 	No cached data found for track_status_data. Loading data...
_api           INFO 	Fetching track status data...
req            INFO 	Data has been written to cache!
req            INFO 	No cached data found for _extended_timing_data. Loading data...
_api           INFO 	Fetching timing data...
_api           INFO 	Parsing timing data...
req            INFO 	Data has been written to cache!
req            INFO 	No cached data found for timing_app_data. Loading data...
_api           INFO 	Fetching timing app data...
req            INFO 	Data has been written to cache!
core           INFO 	Processing timing data...
req            INFO 	No cached data found for weather_data. Loading data...
_api           INFO 	Fetching weather data...
req            INFO 	Data has been written to cache!
core           INFO 	Finished loading data for 20 drivers: ['1', '3', '4', '5', '6', '10', '11', '14', '16', '18', '20', '22', '23', '24', '31', '44', '47', '55', '63', '77']
2026-03-20 23:58:33,475 [WARNING] src.data.fetcher: No clean laps after filtering: 2022 R18 FP1
2026-03-20 23:58:41,477 [INFO] fetch_season: Fetching: 2022 R18 (Japanese Grand Prix) FP2
core           INFO 	Loading data for Japanese Grand Prix - Practice 2 [v3.8.1]
req            INFO 	No cached data found for session_info. Loading data...
_api           INFO 	Fetching session info data...
req            INFO 	Data has been written to cache!
req            INFO 	No cached data found for driver_info. Loading data...
_api           INFO 	Fetching driver list...
req            INFO 	Data has been written to cache!
req            INFO 	No cached data found for session_status_data. Loading data...
_api           INFO 	Fetching session status data...
req            INFO 	Data has been written to cache!
req            INFO 	No cached data found for track_status_data. Loading data...
_api           INFO 	Fetching track status data...
req            INFO 	Data has been written to cache!
req            INFO 	No cached data found for _extended_timing_data. Loading data...
_api           INFO 	Fetching timing data...
_api           INFO 	Parsing timing data...
req            INFO 	Data has been written to cache!
req            INFO 	No cached data found for timing_app_data. Loading data...
_api           INFO 	Fetching timing app data...
req            INFO 	Data has been written to cache!
core           INFO 	Processing timing data...
core        WARNING 	No lap data for driver 47
core        WARNING 	Failed to perform lap accuracy check - all laps marked as inaccurate (driver 47)
req            INFO 	No cached data found for weather_data. Loading data...
_api           INFO 	Fetching weather data...
req            INFO 	Data has been written to cache!
core           INFO 	Finished loading data for 20 drivers: ['1', '3', '4', '5', '6', '10', '11', '14', '16', '18', '20', '22', '23', '24', '31', '44', '47', '55', '63', '77']
2026-03-20 23:58:46,944 [WARNING] src.data.fetcher: No clean laps after filtering: 2022 R18 FP2
2026-03-20 23:58:54,945 [INFO] fetch_season: Fetching: 2022 R18 (Japanese Grand Prix) FP3
core           INFO 	Loading data for Japanese Grand Prix - Practice 3 [v3.8.1]
req            INFO 	No cached data found for session_info. Loading data...
_api           INFO 	Fetching session info data...
req            INFO 	Data has been written to cache!
req            INFO 	No cached data found for driver_info. Loading data...
_api           INFO 	Fetching driver list...
req            INFO 	Data has been written to cache!
req            INFO 	No cached data found for session_status_data. Loading data...
_api           INFO 	Fetching session status data...
req            INFO 	Data has been written to cache!
req            INFO 	No cached data found for track_status_data. Loading data...
_api           INFO 	Fetching track status data...
req            INFO 	Data has been written to cache!
req            INFO 	No cached data found for _extended_timing_data. Loading data...
_api           INFO 	Fetching timing data...
_api           INFO 	Parsing timing data...
req            INFO 	Data has been written to cache!
req            INFO 	No cached data found for timing_app_data. Loading data...
_api           INFO 	Fetching timing app data...
req            INFO 	Data has been written to cache!
core           INFO 	Processing timing data...
req            INFO 	No cached data found for weather_data. Loading data...
_api           INFO 	Fetching weather data...
req            INFO 	Data has been written to cache!
core           INFO 	Finished loading data for 20 drivers: ['1', '3', '4', '5', '6', '10', '11', '14', '16', '18', '20', '22', '23', '24', '31', '44', '47', '55', '63', '77']
2026-03-20 23:59:02,044 [INFO] src.data.fetcher: Fetched 100 laps (5 fastest/driver), 14 cols: 2022 R18 FP3
2026-03-20 23:59:02,049 [INFO] src.data.loader: Saved raw data: data/raw/2022_R18_FP3.parquet
core           INFO 	Loading data for Japanese Grand Prix - Qualifying [v3.8.1]
req            INFO 	No cached data found for session_info. Loading data...
_api           INFO 	Fetching session info data...
req            INFO 	Data has been written to cache!
req            INFO 	No cached data found for driver_info. Loading data...
_api           INFO 	Fetching driver list...
req            INFO 	Data has been written to cache!
core           INFO 	Finished loading data for 20 drivers: ['1', '16', '55', '11', '31', '44', '14', '63', '5', '4', '3', '77', '22', '24', '47', '23', '10', '20', '18', '6']
2026-03-20 23:59:11,427 [INFO] fetch_season: Saved quali results: data/raw/2022_R18_Q_results.parquet
2026-03-20 23:59:11,427 [INFO] fetch_season: Round 18 done — 1 new files saved.
2026-03-20 23:59:11,428 [INFO] fetch_season: Fetching: 2022 R19 (United States Grand Prix) FP1
core           INFO 	Loading data for United States Grand Prix - Practice 1 [v3.8.1]
req            INFO 	No cached data found for session_info. Loading data...
_api           INFO 	Fetching session info data...
req            INFO 	Data has been written to cache!
req            INFO 	No cached data found for driver_info. Loading data...
_api           INFO 	Fetching driver list...
req            INFO 	Data has been written to cache!
req            INFO 	No cached data found for session_status_data. Loading data...
_api           INFO 	Fetching session status data...
req            INFO 	Data has been written to cache!
req            INFO 	No cached data found for track_status_data. Loading data...
_api           INFO 	Fetching track status data...
req            INFO 	Data has been written to cache!
req            INFO 	No cached data found for _extended_timing_data. Loading data...
_api           INFO 	Fetching timing data...
_api           INFO 	Parsing timing data...
req            INFO 	Data has been written to cache!
req            INFO 	No cached data found for timing_app_data. Loading data...
_api           INFO 	Fetching timing app data...
req            INFO 	Data has been written to cache!
core           INFO 	Processing timing data...
req            INFO 	No cached data found for weather_data. Loading data...
_api           INFO 	Fetching weather data...
req            INFO 	Data has been written to cache!
core           INFO 	Finished loading data for 20 drivers: ['1', '4', '5', '10', '11', '14', '18', '22', '23', '24', '28', '31', '39', '44', '45', '47', '55', '63', '98', '99']
2026-03-20 23:59:17,053 [INFO] src.data.fetcher: Fetched 97 laps (5 fastest/driver), 14 cols: 2022 R19 FP1
2026-03-20 23:59:17,059 [INFO] src.data.loader: Saved raw data: data/raw/2022_R19_FP1.parquet
2026-03-20 23:59:25,060 [INFO] fetch_season: Fetching: 2022 R19 (United States Grand Prix) FP2
core           INFO 	Loading data for United States Grand Prix - Practice 2 [v3.8.1]
req            INFO 	No cached data found for session_info. Loading data...
_api           INFO 	Fetching session info data...
req            INFO 	Data has been written to cache!
req            INFO 	No cached data found for driver_info. Loading data...
_api           INFO 	Fetching driver list...
req            INFO 	Data has been written to cache!
req            INFO 	No cached data found for session_status_data. Loading data...
_api           INFO 	Fetching session status data...
req            INFO 	Data has been written to cache!
req            INFO 	No cached data found for track_status_data. Loading data...
_api           INFO 	Fetching track status data...
req            INFO 	Data has been written to cache!
req            INFO 	No cached data found for _extended_timing_data. Loading data...
_api           INFO 	Fetching timing data...
_api           INFO 	Parsing timing data...
req            INFO 	Data has been written to cache!
req            INFO 	No cached data found for timing_app_data. Loading data...
_api           INFO 	Fetching timing app data...
req            INFO 	Data has been written to cache!
core           INFO 	Processing timing data...
req            INFO 	No cached data found for weather_data. Loading data...
_api           INFO 	Fetching weather data...
req            INFO 	Data has been written to cache!
core           INFO 	Finished loading data for 20 drivers: ['1', '3', '4', '5', '6', '10', '11', '14', '16', '18', '20', '22', '23', '24', '31', '44', '47', '55', '63', '77']
2026-03-20 23:59:31,329 [INFO] src.data.fetcher: Fetched 100 laps (5 fastest/driver), 14 cols: 2022 R19 FP2
2026-03-20 23:59:31,334 [INFO] src.data.loader: Saved raw data: data/raw/2022_R19_FP2.parquet
2026-03-20 23:59:39,336 [INFO] fetch_season: Fetching: 2022 R19 (United States Grand Prix) FP3
core           INFO 	Loading data for United States Grand Prix - Practice 3 [v3.8.1]
req            INFO 	No cached data found for session_info. Loading data...
_api           INFO 	Fetching session info data...
req            INFO 	Data has been written to cache!
req            INFO 	No cached data found for driver_info. Loading data...
_api           INFO 	Fetching driver list...
req            INFO 	Data has been written to cache!
req            INFO 	No cached data found for session_status_data. Loading data...
_api           INFO 	Fetching session status data...
req            INFO 	Data has been written to cache!
req            INFO 	No cached data found for track_status_data. Loading data...
_api           INFO 	Fetching track status data...
req            INFO 	Data has been written to cache!
req            INFO 	No cached data found for _extended_timing_data. Loading data...
_api           INFO 	Fetching timing data...
_api           INFO 	Parsing timing data...
req            INFO 	Data has been written to cache!
req            INFO 	No cached data found for timing_app_data. Loading data...
_api           INFO 	Fetching timing app data...
req            INFO 	Data has been written to cache!
core           INFO 	Processing timing data...
req            INFO 	No cached data found for weather_data. Loading data...
_api           INFO 	Fetching weather data...
req            INFO 	Data has been written to cache!
core           INFO 	Finished loading data for 20 drivers: ['1', '3', '4', '5', '6', '10', '11', '14', '16', '18', '20', '22', '23', '24', '31', '44', '47', '55', '63', '77']
2026-03-20 23:59:44,446 [INFO] src.data.fetcher: Fetched 96 laps (5 fastest/driver), 14 cols: 2022 R19 FP3
2026-03-20 23:59:44,449 [INFO] src.data.loader: Saved raw data: data/raw/2022_R19_FP3.parquet
core           INFO 	Loading data for United States Grand Prix - Qualifying [v3.8.1]
req            INFO 	No cached data found for session_info. Loading data...
_api           INFO 	Fetching session info data...
req            INFO 	Data has been written to cache!
req            INFO 	No cached data found for driver_info. Loading data...
_api           INFO 	Fetching driver list...
req            INFO 	Data has been written to cache!
core           INFO 	Finished loading data for 20 drivers: ['55', '16', '1', '11', '44', '63', '18', '4', '14', '77', '23', '5', '10', '24', '22', '20', '3', '31', '47', '6']
2026-03-20 23:59:54,084 [INFO] fetch_season: Saved quali results: data/raw/2022_R19_Q_results.parquet
2026-03-20 23:59:54,084 [INFO] fetch_season: Round 19 done — 3 new files saved.
2026-03-20 23:59:54,084 [INFO] fetch_season: Fetching: 2022 R20 (Mexico City Grand Prix) FP1
core           INFO 	Loading data for Mexico City Grand Prix - Practice 1 [v3.8.1]
req            INFO 	No cached data found for session_info. Loading data...
_api           INFO 	Fetching session info data...
req            INFO 	Data has been written to cache!
req            INFO 	No cached data found for driver_info. Loading data...
_api           INFO 	Fetching driver list...
req            INFO 	Data has been written to cache!
req            INFO 	No cached data found for session_status_data. Loading data...
_api           INFO 	Fetching session status data...
req            INFO 	Data has been written to cache!
req            INFO 	No cached data found for track_status_data. Loading data...
_api           INFO 	Fetching track status data...
req            INFO 	Data has been written to cache!
req            INFO 	No cached data found for _extended_timing_data. Loading data...
_api           INFO 	Fetching timing data...
_api           INFO 	Parsing timing data...
req            INFO 	Data has been written to cache!
req            INFO 	No cached data found for timing_app_data. Loading data...
_api           INFO 	Fetching timing app data...
req            INFO 	Data has been written to cache!
core           INFO 	Processing timing data...
req            INFO 	No cached data found for weather_data. Loading data...
_api           INFO 	Fetching weather data...
req            INFO 	Data has been written to cache!
core           INFO 	Finished loading data for 20 drivers: ['1', '3', '4', '5', '6', '10', '11', '14', '16', '18', '19', '24', '40', '44', '45', '47', '51', '55', '77', '82']
2026-03-20 23:59:59,836 [INFO] src.data.fetcher: Fetched 100 laps (5 fastest/driver), 14 cols: 2022 R20 FP1
2026-03-20 23:59:59,840 [INFO] src.data.loader: Saved raw data: data/raw/2022_R20_FP1.parquet
2026-03-21 00:00:07,842 [INFO] fetch_season: Fetching: 2022 R20 (Mexico City Grand Prix) FP2
core           INFO 	Loading data for Mexico City Grand Prix - Practice 2 [v3.8.1]
req            INFO 	No cached data found for session_info. Loading data...
_api           INFO 	Fetching session info data...
req            INFO 	Data has been written to cache!
req            INFO 	No cached data found for driver_info. Loading data...
_api           INFO 	Fetching driver list...
req            INFO 	Data has been written to cache!
req            INFO 	No cached data found for session_status_data. Loading data...
_api           INFO 	Fetching session status data...
req            INFO 	Data has been written to cache!
req            INFO 	No cached data found for track_status_data. Loading data...
_api           INFO 	Fetching track status data...
req            INFO 	Data has been written to cache!
req            INFO 	No cached data found for _extended_timing_data. Loading data...
_api           INFO 	Fetching timing data...
_api           INFO 	Parsing timing data...
req            INFO 	Data has been written to cache!
req            INFO 	No cached data found for timing_app_data. Loading data...
_api           INFO 	Fetching timing app data...
req            INFO 	Data has been written to cache!
core           INFO 	Processing timing data...
req            INFO 	No cached data found for weather_data. Loading data...
_api           INFO 	Fetching weather data...
req            INFO 	Data has been written to cache!
core           INFO 	Finished loading data for 20 drivers: ['1', '3', '4', '5', '6', '10', '11', '14', '16', '18', '20', '22', '23', '24', '31', '44', '47', '55', '63', '77']
2026-03-21 00:00:13,620 [INFO] src.data.fetcher: Fetched 100 laps (5 fastest/driver), 14 cols: 2022 R20 FP2
2026-03-21 00:00:13,625 [INFO] src.data.loader: Saved raw data: data/raw/2022_R20_FP2.parquet
2026-03-21 00:00:21,626 [INFO] fetch_season: Fetching: 2022 R20 (Mexico City Grand Prix) FP3
core           INFO 	Loading data for Mexico City Grand Prix - Practice 3 [v3.8.1]
req            INFO 	No cached data found for session_info. Loading data...
_api           INFO 	Fetching session info data...
req            INFO 	Data has been written to cache!
req            INFO 	No cached data found for driver_info. Loading data...
_api           INFO 	Fetching driver list...
req            INFO 	Data has been written to cache!
req            INFO 	No cached data found for session_status_data. Loading data...
_api           INFO 	Fetching session status data...
req            INFO 	Data has been written to cache!
req            INFO 	No cached data found for track_status_data. Loading data...
_api           INFO 	Fetching track status data...
req            INFO 	Data has been written to cache!
req            INFO 	No cached data found for _extended_timing_data. Loading data...
_api           INFO 	Fetching timing data...
_api           INFO 	Parsing timing data...
req            INFO 	Data has been written to cache!
req            INFO 	No cached data found for timing_app_data. Loading data...
_api           INFO 	Fetching timing app data...
req            INFO 	Data has been written to cache!
core           INFO 	Processing timing data...
req            INFO 	No cached data found for weather_data. Loading data...
_api           INFO 	Fetching weather data...
req            INFO 	Data has been written to cache!
core           INFO 	Finished loading data for 20 drivers: ['1', '3', '4', '5', '6', '10', '11', '14', '16', '18', '20', '22', '23', '24', '31', '44', '47', '55', '63', '77']
2026-03-21 00:00:26,975 [INFO] src.data.fetcher: Fetched 100 laps (5 fastest/driver), 14 cols: 2022 R20 FP3
2026-03-21 00:00:26,979 [INFO] src.data.loader: Saved raw data: data/raw/2022_R20_FP3.parquet
core           INFO 	Loading data for Mexico City Grand Prix - Qualifying [v3.8.1]
req            INFO 	No cached data found for session_info. Loading data...
_api           INFO 	Fetching session info data...
req            INFO 	Data has been written to cache!
req            INFO 	No cached data found for driver_info. Loading data...
_api           INFO 	Fetching driver list...
req            INFO 	Data has been written to cache!
core           INFO 	Finished loading data for 20 drivers: ['1', '63', '44', '11', '55', '77', '16', '4', '14', '31', '3', '24', '22', '10', '20', '47', '5', '18', '23', '6']
2026-03-21 00:00:36,361 [INFO] fetch_season: Saved quali results: data/raw/2022_R20_Q_results.parquet
--- Logging error ---
Traceback (most recent call last):
  File "C:\Users\moram\AppData\Local\Programs\Python\Python311\Lib\logging\__init__.py", line 1113, in emit
    stream.write(msg + self.terminator)
  File "C:\Users\moram\AppData\Local\Programs\Python\Python311\Lib\encodings\cp1250.py", line 19, in encode
    return codecs.charmap_encode(input,self.errors,encoding_table)[0]
           ^^^^^^^^^^^^^^^^^^^^^^^^^^^^^^^^^^^^^^^^^^^^^^^^^^^^^^^
UnicodeEncodeError: 'charmap' codec can't encode character '\xe3' in position 66: character maps to <undefined>
Call stack:
  File "C:\Users\moram\AppData\Local\Programs\Python\Python311\Lib\threading.py", line 995, in _bootstrap
    self._bootstrap_inner()
  File "C:\Users\moram\AppData\Local\Programs\Python\Python311\Lib\threading.py", line 1038, in _bootstrap_inner
    self.run()
  File "C:\Users\moram\AppData\Local\Programs\Python\Python311\Lib\threading.py", line 975, in run
    self._target(*self._args, **self._kwargs)
  File "C:\Users\moram\AppData\Local\Programs\Python\Python311\Lib\concurrent\futures\thread.py", line 83, in _worker
    work_item.run()
  File "C:\Users\moram\AppData\Local\Programs\Python\Python311\Lib\concurrent\futures\thread.py", line 58, in run
    result = self.fn(*self.args, **self.kwargs)
  File "C:\Users\moram\Documents\Móra Márton\ELTE\f1_project\venv\prediction_project\scripts\fetch_season.py", line 76, in fetch_round
    logger.info(f"Fetching: {year} R{round_number} ({event_name}) {session}")
Message: 'Fetching: 2022 R21 (S\xe3o Paulo Grand Prix) FP1'
Arguments: ()
2026-03-21 00:00:36,364 [INFO] fetch_season: Round 20 done — 3 new files saved.
core           INFO 	Loading data for S\xe3o Paulo Grand Prix - Practice 1 [v3.8.1]
req            INFO 	No cached data found for session_info. Loading data...
_api           INFO 	Fetching session info data...
req            INFO 	Data has been written to cache!
req            INFO 	No cached data found for driver_info. Loading data...
_api           INFO 	Fetching driver list...
req            INFO 	Data has been written to cache!
req            INFO 	No cached data found for session_status_data. Loading data...
_api           INFO 	Fetching session status data...
req            INFO 	Data has been written to cache!
req            INFO 	No cached data found for track_status_data. Loading data...
_api           INFO 	Fetching track status data...
req            INFO 	Data has been written to cache!
req            INFO 	No cached data found for _extended_timing_data. Loading data...
_api           INFO 	Fetching timing data...
_api           INFO 	Parsing timing data...
req            INFO 	Data has been written to cache!
req            INFO 	No cached data found for timing_app_data. Loading data...
_api           INFO 	Fetching timing app data...
req            INFO 	Data has been written to cache!
core           INFO 	Processing timing data...
req            INFO 	No cached data found for weather_data. Loading data...
_api           INFO 	Fetching weather data...
req            INFO 	Data has been written to cache!
core           INFO 	Finished loading data for 20 drivers: ['1', '3', '4', '5', '6', '10', '11', '14', '16', '18', '20', '22', '23', '24', '31', '44', '47', '55', '63', '77']
2026-03-21 00:00:42,276 [INFO] src.data.fetcher: Fetched 100 laps (5 fastest/driver), 14 cols: 2022 R21 FP1
2026-03-21 00:00:42,282 [INFO] src.data.loader: Saved raw data: data/raw/2022_R21_FP1.parquet
--- Logging error ---
Traceback (most recent call last):
  File "C:\Users\moram\AppData\Local\Programs\Python\Python311\Lib\logging\__init__.py", line 1113, in emit
    stream.write(msg + self.terminator)
  File "C:\Users\moram\AppData\Local\Programs\Python\Python311\Lib\encodings\cp1250.py", line 19, in encode
    return codecs.charmap_encode(input,self.errors,encoding_table)[0]
           ^^^^^^^^^^^^^^^^^^^^^^^^^^^^^^^^^^^^^^^^^^^^^^^^^^^^^^^
UnicodeEncodeError: 'charmap' codec can't encode character '\xe3' in position 66: character maps to <undefined>
Call stack:
  File "C:\Users\moram\AppData\Local\Programs\Python\Python311\Lib\threading.py", line 995, in _bootstrap
    self._bootstrap_inner()
  File "C:\Users\moram\AppData\Local\Programs\Python\Python311\Lib\threading.py", line 1038, in _bootstrap_inner
    self.run()
  File "C:\Users\moram\AppData\Local\Programs\Python\Python311\Lib\threading.py", line 975, in run
    self._target(*self._args, **self._kwargs)
  File "C:\Users\moram\AppData\Local\Programs\Python\Python311\Lib\concurrent\futures\thread.py", line 83, in _worker
    work_item.run()
  File "C:\Users\moram\AppData\Local\Programs\Python\Python311\Lib\concurrent\futures\thread.py", line 58, in run
    result = self.fn(*self.args, **self.kwargs)
  File "C:\Users\moram\Documents\Móra Márton\ELTE\f1_project\venv\prediction_project\scripts\fetch_season.py", line 76, in fetch_round
    logger.info(f"Fetching: {year} R{round_number} ({event_name}) {session}")
Message: 'Fetching: 2022 R21 (S\xe3o Paulo Grand Prix) SQ'
Arguments: ()
core           INFO 	Loading data for S\xe3o Paulo Grand Prix - Sprint [v3.8.1]
req            INFO 	No cached data found for session_info. Loading data...
_api           INFO 	Fetching session info data...
req            INFO 	Data has been written to cache!
req            INFO 	No cached data found for driver_info. Loading data...
_api           INFO 	Fetching driver list...
req            INFO 	Data has been written to cache!
req            INFO 	No cached data found for session_status_data. Loading data...
_api           INFO 	Fetching session status data...
req            INFO 	Data has been written to cache!
req            INFO 	No cached data found for lap_count. Loading data...
_api           INFO 	Fetching lap count data...
req            INFO 	Data has been written to cache!
req            INFO 	No cached data found for track_status_data. Loading data...
_api           INFO 	Fetching track status data...
req            INFO 	Data has been written to cache!
req            INFO 	No cached data found for _extended_timing_data. Loading data...
_api           INFO 	Fetching timing data...
_api           INFO 	Parsing timing data...
req            INFO 	Data has been written to cache!
req            INFO 	No cached data found for timing_app_data. Loading data...
_api           INFO 	Fetching timing app data...
req            INFO 	Data has been written to cache!
core           INFO 	Processing timing data...
req            INFO 	No cached data found for weather_data. Loading data...
_api           INFO 	Fetching weather data...
req            INFO 	Data has been written to cache!
core           INFO 	Finished loading data for 20 drivers: ['63', '55', '44', '1', '11', '16', '4', '20', '5', '10', '3', '47', '24', '77', '22', '18', '31', '14', '6', '23']
2026-03-21 00:00:57,267 [INFO] src.data.fetcher: Fetched 100 laps (5 fastest/driver), 14 cols: 2022 R21 SQ
2026-03-21 00:00:57,272 [INFO] src.data.loader: Saved raw data: data/raw/2022_R21_SQ.parquet
core           INFO 	Loading data for S\xe3o Paulo Grand Prix - Qualifying [v3.8.1]
req            INFO 	No cached data found for session_info. Loading data...
_api           INFO 	Fetching session info data...
req            INFO 	Data has been written to cache!
req            INFO 	No cached data found for driver_info. Loading data...
_api           INFO 	Fetching driver list...
req            INFO 	Data has been written to cache!
core           INFO 	Finished loading data for 20 drivers: ['20', '1', '63', '4', '55', '31', '14', '44', '11', '16', '23', '10', '5', '3', '18', '6', '24', '77', '22', '47']
2026-03-21 00:01:06,746 [INFO] fetch_season: Saved quali results: data/raw/2022_R21_Q_results.parquet
2026-03-21 00:01:06,747 [INFO] fetch_season: Round 21 done — 2 new files saved.
2026-03-21 00:01:06,747 [INFO] fetch_season: Fetching: 2022 R22 (Abu Dhabi Grand Prix) FP1
core           INFO 	Loading data for Abu Dhabi Grand Prix - Practice 1 [v3.8.1]
req            INFO 	No cached data found for session_info. Loading data...
_api           INFO 	Fetching session info data...
req            INFO 	Data has been written to cache!
req            INFO 	No cached data found for driver_info. Loading data...
_api           INFO 	Fetching driver list...
req            INFO 	Data has been written to cache!
req            INFO 	No cached data found for session_status_data. Loading data...
_api           INFO 	Fetching session status data...
req            INFO 	Data has been written to cache!
req            INFO 	No cached data found for track_status_data. Loading data...
_api           INFO 	Fetching track status data...
req            INFO 	Data has been written to cache!
req            INFO 	No cached data found for _extended_timing_data. Loading data...
_api           INFO 	Fetching timing data...
_api           INFO 	Parsing timing data...
req            INFO 	Data has been written to cache!
req            INFO 	No cached data found for timing_app_data. Loading data...
_api           INFO 	Fetching timing app data...
req            INFO 	Data has been written to cache!
core           INFO 	Processing timing data...
req            INFO 	No cached data found for weather_data. Loading data...
_api           INFO 	Fetching weather data...
req            INFO 	Data has been written to cache!
core           INFO 	Finished loading data for 20 drivers: ['3', '5', '10', '11', '16', '20', '22', '23', '28', '31', '34', '36', '39', '44', '45', '51', '63', '77', '82', '88']
2026-03-21 00:01:12,855 [INFO] src.data.fetcher: Fetched 100 laps (5 fastest/driver), 14 cols: 2022 R22 FP1
2026-03-21 00:01:12,860 [INFO] src.data.loader: Saved raw data: data/raw/2022_R22_FP1.parquet
2026-03-21 00:01:20,861 [INFO] fetch_season: Fetching: 2022 R22 (Abu Dhabi Grand Prix) FP2
core           INFO 	Loading data for Abu Dhabi Grand Prix - Practice 2 [v3.8.1]
req            INFO 	No cached data found for session_info. Loading data...
_api           INFO 	Fetching session info data...
req            INFO 	Data has been written to cache!
req            INFO 	No cached data found for driver_info. Loading data...
_api           INFO 	Fetching driver list...
req            INFO 	Data has been written to cache!
req            INFO 	No cached data found for session_status_data. Loading data...
_api           INFO 	Fetching session status data...
req            INFO 	Data has been written to cache!
req            INFO 	No cached data found for track_status_data. Loading data...
_api           INFO 	Fetching track status data...
req            INFO 	Data has been written to cache!
req            INFO 	No cached data found for _extended_timing_data. Loading data...
_api           INFO 	Fetching timing data...
_api           INFO 	Parsing timing data...
req            INFO 	Data has been written to cache!
req            INFO 	No cached data found for timing_app_data. Loading data...
_api           INFO 	Fetching timing app data...
req            INFO 	Data has been written to cache!
core           INFO 	Processing timing data...
req            INFO 	No cached data found for weather_data. Loading data...
_api           INFO 	Fetching weather data...
req            INFO 	Data has been written to cache!
core           INFO 	Finished loading data for 20 drivers: ['1', '3', '4', '5', '6', '10', '11', '14', '16', '18', '20', '22', '23', '24', '31', '44', '47', '55', '63', '77']
2026-03-21 00:01:26,559 [INFO] src.data.fetcher: Fetched 100 laps (5 fastest/driver), 14 cols: 2022 R22 FP2
2026-03-21 00:01:26,564 [INFO] src.data.loader: Saved raw data: data/raw/2022_R22_FP2.parquet
2026-03-21 00:01:34,566 [INFO] fetch_season: Fetching: 2022 R22 (Abu Dhabi Grand Prix) FP3
core           INFO 	Loading data for Abu Dhabi Grand Prix - Practice 3 [v3.8.1]
req            INFO 	No cached data found for session_info. Loading data...
_api           INFO 	Fetching session info data...
req            INFO 	Data has been written to cache!
req            INFO 	No cached data found for driver_info. Loading data...
_api           INFO 	Fetching driver list...
req            INFO 	Data has been written to cache!
req            INFO 	No cached data found for session_status_data. Loading data...
_api           INFO 	Fetching session status data...
req            INFO 	Data has been written to cache!
req            INFO 	No cached data found for track_status_data. Loading data...
_api           INFO 	Fetching track status data...
req            INFO 	Data has been written to cache!
req            INFO 	No cached data found for _extended_timing_data. Loading data...
_api           INFO 	Fetching timing data...
_api           INFO 	Parsing timing data...
req            INFO 	Data has been written to cache!
req            INFO 	No cached data found for timing_app_data. Loading data...
_api           INFO 	Fetching timing app data...
req            INFO 	Data has been written to cache!
core           INFO 	Processing timing data...
req            INFO 	No cached data found for weather_data. Loading data...
_api           INFO 	Fetching weather data...
req            INFO 	Data has been written to cache!
core           INFO 	Finished loading data for 20 drivers: ['1', '3', '4', '5', '6', '10', '11', '14', '16', '18', '20', '22', '23', '24', '31', '44', '47', '55', '63', '77']
2026-03-21 00:01:40,294 [INFO] src.data.fetcher: Fetched 100 laps (5 fastest/driver), 14 cols: 2022 R22 FP3
2026-03-21 00:01:40,299 [INFO] src.data.loader: Saved raw data: data/raw/2022_R22_FP3.parquet
core           INFO 	Loading data for Abu Dhabi Grand Prix - Qualifying [v3.8.1]
req            INFO 	No cached data found for session_info. Loading data...
_api           INFO 	Fetching session info data...
req            INFO 	Data has been written to cache!
req            INFO 	No cached data found for driver_info. Loading data...
_api           INFO 	Fetching driver list...
req            INFO 	Data has been written to cache!
core           INFO 	Finished loading data for 20 drivers: ['1', '11', '16', '55', '44', '63', '4', '31', '5', '3', '14', '22', '47', '18', '24', '20', '10', '77', '23', '6']
2026-03-21 00:01:49,679 [INFO] fetch_season: Saved quali results: data/raw/2022_R22_Q_results.parquet
2026-03-21 00:01:49,679 [INFO] fetch_season: Round 22 done — 3 new files saved.
2026-03-21 00:01:49,679 [INFO] fetch_season: Finished. 23 new files saved across 22 rounds.
