2026-03-20 23:30:34,145 [INFO] fetch_season: Season 2024: 24 rounds, 3 workers, 1.0s delay.
2026-03-20 23:30:34,148 [INFO] fetch_season: Skip (cached): 2024 R1 (Bahrain Grand Prix) FP1
2026-03-20 23:30:34,149 [INFO] fetch_season: Skip (cached): 2024 R1 (Bahrain Grand Prix) FP2
2026-03-20 23:30:34,149 [INFO] fetch_season: Skip (cached): 2024 R2 (Saudi Arabian Grand Prix) FP1
2026-03-20 23:30:34,149 [INFO] fetch_season: Skip (cached): 2024 R1 (Bahrain Grand Prix) FP3
2026-03-20 23:30:34,152 [INFO] fetch_season: Skip (cached): 2024 R3 (Australian Grand Prix) FP1
2026-03-20 23:30:34,153 [INFO] fetch_season: Skip (cached): 2024 R2 (Saudi Arabian Grand Prix) FP2
2026-03-20 23:30:34,153 [INFO] fetch_season: Round 1 done — 0 new files saved.
2026-03-20 23:30:34,153 [INFO] fetch_season: Skip (cached): 2024 R3 (Australian Grand Prix) FP2
2026-03-20 23:30:34,153 [INFO] fetch_season: Skip (cached): 2024 R4 (Japanese Grand Prix) FP1
2026-03-20 23:30:34,153 [INFO] fetch_season: Skip (cached): 2024 R2 (Saudi Arabian Grand Prix) FP3
2026-03-20 23:30:34,153 [INFO] fetch_season: Skip (cached): 2024 R3 (Australian Grand Prix) FP3
2026-03-20 23:30:34,153 [INFO] fetch_season: Fetching: 2024 R4 (Japanese Grand Prix) FP2
2026-03-20 23:30:34,154 [INFO] fetch_season: Round 3 done — 0 new files saved.
2026-03-20 23:30:34,154 [INFO] fetch_season: Skip (cached): 2024 R5 (Chinese Grand Prix) FP1
2026-03-20 23:30:34,154 [INFO] fetch_season: Skip (cached): 2024 R6 (Miami Grand Prix) FP1
2026-03-20 23:30:34,154 [INFO] fetch_season: Round 2 done — 0 new files saved.
2026-03-20 23:30:34,155 [INFO] fetch_season: Fetching: 2024 R5 (Chinese Grand Prix) SQ
2026-03-20 23:30:34,155 [INFO] fetch_season: Fetching: 2024 R6 (Miami Grand Prix) FP2
2026-03-20 23:30:34,172 [ERROR] src.data.fetcher: Failed to fetch 2024 R6 FP2: Session type 'Practice 2' does not exist for this event
core           INFO 	Loading data for Japanese Grand Prix - Practice 2 [v3.8.1]
req            INFO 	Using cached data for session_info
req            INFO 	Using cached data for driver_info
req            INFO 	Using cached data for session_status_data
req            INFO 	Using cached data for track_status_data
req            INFO 	Using cached data for _extended_timing_data
req            INFO 	Using cached data for timing_app_data
core           INFO 	Processing timing data...
core        WARNING 	No lap data for driver 1
core           INFO 	Loading data for Chinese Grand Prix - Sprint Qualifying [v3.8.1]
core        WARNING 	No lap data for driver 2
core        WARNING 	No lap data for driver 10
core        WARNING 	No lap data for driver 11
core        WARNING 	No lap data for driver 14
core        WARNING 	No lap data for driver 18
req            INFO 	Using cached data for session_info
core        WARNING 	No lap data for driver 63
core        WARNING 	Failed to perform lap accuracy check - all laps marked as inaccurate (driver 1)
core        WARNING 	Failed to perform lap accuracy check - all laps marked as inaccurate (driver 2)
core        WARNING 	Failed to perform lap accuracy check - all laps marked as inaccurate (driver 10)
req            INFO 	Using cached data for driver_info
core        WARNING 	Failed to perform lap accuracy check - all laps marked as inaccurate (driver 11)
core        WARNING 	Sprint Qualifying is not supported by Ergast! Limited results are calculated from timing data.
core        WARNING 	Failed to perform lap accuracy check - all laps marked as inaccurate (driver 14)
core        WARNING 	Failed to perform lap accuracy check - all laps marked as inaccurate (driver 18)
core        WARNING 	Failed to perform lap accuracy check - all laps marked as inaccurate (driver 63)
req            INFO 	Using cached data for session_status_data
req            INFO 	Using cached data for weather_data
core           INFO 	Finished loading data for 20 drivers: ['1', '2', '3', '4', '10', '11', '14', '16', '18', '20', '22', '23', '24', '27', '31', '44', '55', '63', '77', '81']
2026-03-20 23:30:34,505 [WARNING] src.data.fetcher: No clean laps after filtering: 2024 R4 FP2
req            INFO 	Using cached data for track_status_data
req            INFO 	Using cached data for _extended_timing_data
req            INFO 	Using cached data for timing_app_data
core           INFO 	Processing timing data...
req            INFO 	Using cached data for weather_data
core        WARNING 	Cannot calculate qualifying results: missing information about deleted laps. Make sure that race control messages are being loaded.
logger      WARNING 	Failed to calculate quali results from lap times!
core           INFO 	Finished loading data for 20 drivers: ['18', '81', '1', '11', '27', '20', '31', '23', '3', '77', '24', '22', '16', '55', '2', '4', '63', '44', '14', '10']
2026-03-20 23:30:34,936 [WARNING] src.data.fetcher: No clean laps after filtering: 2024 R5 SQ
2026-03-20 23:30:35,173 [INFO] fetch_season: Fetching: 2024 R6 (Miami Grand Prix) FP3
2026-03-20 23:30:35,188 [ERROR] src.data.fetcher: Failed to fetch 2024 R6 FP3: Session type 'Practice 3' does not exist for this event
2026-03-20 23:30:35,506 [INFO] fetch_season: Skip (cached): 2024 R4 (Japanese Grand Prix) FP3
2026-03-20 23:30:35,506 [INFO] fetch_season: Round 4 done — 0 new files saved.
2026-03-20 23:30:35,506 [INFO] fetch_season: Skip (cached): 2024 R7 (Emilia Romagna Grand Prix) FP1
2026-03-20 23:30:35,506 [INFO] fetch_season: Skip (cached): 2024 R7 (Emilia Romagna Grand Prix) FP2
2026-03-20 23:30:35,506 [INFO] fetch_season: Skip (cached): 2024 R7 (Emilia Romagna Grand Prix) FP3
2026-03-20 23:30:35,507 [INFO] fetch_season: Round 7 done — 0 new files saved.
2026-03-20 23:30:35,507 [INFO] fetch_season: Fetching: 2024 R8 (Monaco Grand Prix) FP1
core           INFO 	Loading data for Monaco Grand Prix - Practice 1 [v3.8.1]
req            INFO 	Using cached data for session_info
req            INFO 	Using cached data for driver_info
req            INFO 	Using cached data for session_status_data
req            INFO 	Using cached data for track_status_data
req            INFO 	Using cached data for _extended_timing_data
req            INFO 	Using cached data for timing_app_data
core           INFO 	Processing timing data...
2026-03-20 23:30:35,948 [INFO] fetch_season: Round 5 done — 0 new files saved.
2026-03-20 23:30:35,949 [INFO] fetch_season: Fetching: 2024 R9 (Canadian Grand Prix) FP1
core           INFO 	Loading data for Canadian Grand Prix - Practice 1 [v3.8.1]
req            INFO 	No cached data found for session_info. Loading data...
_api           INFO 	Fetching session info data...
2026-03-20 23:30:36,190 [INFO] fetch_season: Round 6 done — 0 new files saved.
2026-03-20 23:30:36,190 [INFO] fetch_season: Fetching: 2024 R10 (Spanish Grand Prix) FP1
req            INFO 	Using cached data for weather_data
core           INFO 	Finished loading data for 20 drivers: ['1', '2', '3', '4', '10', '11', '14', '16', '18', '20', '22', '23', '24', '27', '31', '44', '55', '63', '77', '81']
2026-03-20 23:30:36,221 [WARNING] src.data.fetcher: No clean laps after filtering: 2024 R8 FP1
core           INFO 	Loading data for Spanish Grand Prix - Practice 1 [v3.8.1]
req            INFO 	No cached data found for session_info. Loading data...
_api           INFO 	Fetching session info data...
req            INFO 	Data has been written to cache!
req            INFO 	No cached data found for driver_info. Loading data...
_api           INFO 	Fetching driver list...
req            INFO 	Data has been written to cache!
req            INFO 	No cached data found for driver_info. Loading data...
_api           INFO 	Fetching driver list...
req            INFO 	Data has been written to cache!
req            INFO 	Data has been written to cache!
2026-03-20 23:30:37,223 [INFO] fetch_season: Skip (cached): 2024 R8 (Monaco Grand Prix) FP2
2026-03-20 23:30:37,223 [INFO] fetch_season: Skip (cached): 2024 R8 (Monaco Grand Prix) FP3
2026-03-20 23:30:37,223 [INFO] fetch_season: Round 8 done — 0 new files saved.
2026-03-20 23:30:37,223 [INFO] fetch_season: Fetching: 2024 R11 (Austrian Grand Prix) FP1
core           INFO 	Loading data for Austrian Grand Prix - Practice 1 [v3.8.1]
req            INFO 	No cached data found for session_info. Loading data...
_api           INFO 	Fetching session info data...
req            INFO 	No cached data found for session_status_data. Loading data...
_api           INFO 	Fetching session status data...
req            INFO 	No cached data found for session_status_data. Loading data...
_api           INFO 	Fetching session status data...
req            INFO 	Data has been written to cache!
req            INFO 	No cached data found for track_status_data. Loading data...
_api           INFO 	Fetching track status data...
req            INFO 	Data has been written to cache!
req            INFO 	No cached data found for driver_info. Loading data...
_api           INFO 	Fetching driver list...
req            INFO 	Data has been written to cache!
req            INFO 	No cached data found for track_status_data. Loading data...
_api           INFO 	Fetching track status data...
req            INFO 	Data has been written to cache!
req            INFO 	No cached data found for _extended_timing_data. Loading data...
_api           INFO 	Fetching timing data...
req            INFO 	Data has been written to cache!
req            INFO 	No cached data found for session_status_data. Loading data...
_api           INFO 	Fetching session status data...
req            INFO 	Data has been written to cache!
req            INFO 	No cached data found for _extended_timing_data. Loading data...
_api           INFO 	Fetching timing data...
req            INFO 	Data has been written to cache!
req            INFO 	No cached data found for track_status_data. Loading data...
_api           INFO 	Fetching track status data...
_api           INFO 	Parsing timing data...
req            INFO 	Data has been written to cache!
req            INFO 	No cached data found for timing_app_data. Loading data...
_api           INFO 	Fetching timing app data...
req            INFO 	Data has been written to cache!
req            INFO 	No cached data found for _extended_timing_data. Loading data...
_api           INFO 	Fetching timing data...
req            INFO 	Data has been written to cache!
core           INFO 	Processing timing data...
req            INFO 	No cached data found for weather_data. Loading data...
_api           INFO 	Fetching weather data...
_api           INFO 	Parsing timing data...
_api           INFO 	Parsing timing data...
req            INFO 	Data has been written to cache!
req            INFO 	Data has been written to cache!
req            INFO 	No cached data found for timing_app_data. Loading data...
_api           INFO 	Fetching timing app data...
req            INFO 	No cached data found for timing_app_data. Loading data...
_api           INFO 	Fetching timing app data...
req            INFO 	Data has been written to cache!
core           INFO 	Finished loading data for 20 drivers: ['1', '2', '3', '4', '10', '11', '14', '16', '18', '20', '22', '23', '24', '27', '44', '55', '61', '63', '77', '81']
2026-03-20 23:30:41,375 [WARNING] src.data.fetcher: No clean laps after filtering: 2024 R9 FP1
req            INFO 	Data has been written to cache!
core           INFO 	Processing timing data...
req            INFO 	Data has been written to cache!
core           INFO 	Processing timing data...
2026-03-20 23:30:42,406 [INFO] fetch_season: Fetching: 2024 R9 (Canadian Grand Prix) FP2
core           INFO 	Loading data for Canadian Grand Prix - Practice 2 [v3.8.1]
req            INFO 	No cached data found for session_info. Loading data...
_api           INFO 	Fetching session info data...
req            INFO 	No cached data found for weather_data. Loading data...
_api           INFO 	Fetching weather data...
req            INFO 	No cached data found for weather_data. Loading data...
_api           INFO 	Fetching weather data...
req            INFO 	Data has been written to cache!
req            INFO 	No cached data found for driver_info. Loading data...
_api           INFO 	Fetching driver list...
req            INFO 	Data has been written to cache!
core           INFO 	Finished loading data for 20 drivers: ['1', '2', '3', '4', '10', '11', '14', '16', '18', '20', '22', '23', '24', '27', '31', '44', '55', '63', '77', '81']
2026-03-20 23:30:43,677 [INFO] src.data.fetcher: Fetched 100 laps (5 fastest/driver), 14 cols: 2024 R11 FP1
2026-03-20 23:30:43,701 [INFO] src.data.loader: Saved raw data: data/raw/2024_R11_FP1.parquet
req            INFO 	Data has been written to cache!
core           INFO 	Finished loading data for 20 drivers: ['1', '2', '3', '4', '10', '11', '14', '16', '18', '20', '22', '23', '24', '31', '44', '50', '55', '63', '77', '81']
2026-03-20 23:30:43,971 [INFO] src.data.fetcher: Fetched 100 laps (5 fastest/driver), 14 cols: 2024 R10 FP1
2026-03-20 23:30:43,976 [INFO] src.data.loader: Saved raw data: data/raw/2024_R10_FP1.parquet
req            INFO 	Data has been written to cache!
req            INFO 	No cached data found for session_status_data. Loading data...
_api           INFO 	Fetching session status data...
req            INFO 	Data has been written to cache!
req            INFO 	No cached data found for track_status_data. Loading data...
_api           INFO 	Fetching track status data...
req            INFO 	Data has been written to cache!
req            INFO 	No cached data found for _extended_timing_data. Loading data...
_api           INFO 	Fetching timing data...
2026-03-20 23:30:44,702 [INFO] fetch_season: Fetching: 2024 R11 (Austrian Grand Prix) SQ
core           INFO 	Loading data for Austrian Grand Prix - Sprint Qualifying [v3.8.1]
req            INFO 	No cached data found for session_info. Loading data...
_api           INFO 	Fetching session info data...
2026-03-20 23:30:44,977 [INFO] fetch_season: Fetching: 2024 R10 (Spanish Grand Prix) FP2
core           INFO 	Loading data for Spanish Grand Prix - Practice 2 [v3.8.1]
req            INFO 	No cached data found for session_info. Loading data...
_api           INFO 	Fetching session info data...
req            INFO 	Data has been written to cache!
req            INFO 	No cached data found for driver_info. Loading data...
_api           INFO 	Fetching driver list...
req            INFO 	Data has been written to cache!
req            INFO 	No cached data found for driver_info. Loading data...
_api           INFO 	Fetching driver list...
req            INFO 	Data has been written to cache!
core        WARNING 	Sprint Qualifying is not supported by Ergast! Limited results are calculated from timing data.
req            INFO 	No cached data found for session_status_data. Loading data...
_api           INFO 	Fetching session status data...
_api           INFO 	Parsing timing data...
req            INFO 	Data has been written to cache!
req            INFO 	No cached data found for track_status_data. Loading data...
_api           INFO 	Fetching track status data...
req            INFO 	Data has been written to cache!
req            INFO 	No cached data found for timing_app_data. Loading data...
_api           INFO 	Fetching timing app data...
req            INFO 	Data has been written to cache!
req            INFO 	No cached data found for _extended_timing_data. Loading data...
_api           INFO 	Fetching timing data...
req            INFO 	Data has been written to cache!
core           INFO 	Processing timing data...
req            INFO 	Data has been written to cache!
req            INFO 	No cached data found for weather_data. Loading data...
_api           INFO 	Fetching weather data...
req            INFO 	No cached data found for session_status_data. Loading data...
_api           INFO 	Fetching session status data...
_api           INFO 	Parsing timing data...
req            INFO 	Data has been written to cache!
req            INFO 	No cached data found for timing_app_data. Loading data...
_api           INFO 	Fetching timing app data...
req            INFO 	Data has been written to cache!
core           INFO 	Finished loading data for 20 drivers: ['1', '2', '3', '4', '10', '11', '14', '16', '18', '20', '22', '23', '24', '27', '31', '44', '55', '63', '77', '81']
2026-03-20 23:30:47,278 [WARNING] src.data.fetcher: No clean laps after filtering: 2024 R9 FP2
req            INFO 	Data has been written to cache!
req            INFO 	No cached data found for track_status_data. Loading data...
_api           INFO 	Fetching track status data...
req            INFO 	Data has been written to cache!
core           INFO 	Processing timing data...
req            INFO 	No cached data found for weather_data. Loading data...
_api           INFO 	Fetching weather data...
req            INFO 	Data has been written to cache!
req            INFO 	No cached data found for _extended_timing_data. Loading data...
_api           INFO 	Fetching timing data...
req            INFO 	Data has been written to cache!
core        WARNING 	Cannot calculate qualifying results: missing information about deleted laps. Make sure that race control messages are being loaded.
logger      WARNING 	Failed to calculate quali results from lap times!
core           INFO 	Finished loading data for 20 drivers: ['1', '81', '16', '55', '44', '31', '18', '63', '22', '14', '10', '11', '4', '24', '77', '3', '27', '23', '20', '2']
2026-03-20 23:30:48,274 [INFO] src.data.fetcher: Fetched 72 laps (5 fastest/driver), 14 cols: 2024 R11 SQ
2026-03-20 23:30:48,278 [INFO] src.data.loader: Saved raw data: data/raw/2024_R11_SQ.parquet
2026-03-20 23:30:48,280 [INFO] fetch_season: Fetching: 2024 R9 (Canadian Grand Prix) FP3
core           INFO 	Loading data for Canadian Grand Prix - Practice 3 [v3.8.1]
req            INFO 	No cached data found for session_info. Loading data...
_api           INFO 	Fetching session info data...
req            INFO 	Data has been written to cache!
req            INFO 	No cached data found for driver_info. Loading data...
_api           INFO 	Fetching driver list...
req            INFO 	Data has been written to cache!
_api           INFO 	Parsing timing data...
req            INFO 	No cached data found for session_status_data. Loading data...
_api           INFO 	Fetching session status data...
core           INFO 	Loading data for Austrian Grand Prix - Qualifying [v3.8.1]
req            INFO 	Data has been written to cache!
req            INFO 	No cached data found for timing_app_data. Loading data...
_api           INFO 	Fetching timing app data...
req            INFO 	No cached data found for session_info. Loading data...
_api           INFO 	Fetching session info data...
req            INFO 	Data has been written to cache!
req            INFO 	No cached data found for track_status_data. Loading data...
_api           INFO 	Fetching track status data...
req            INFO 	Data has been written to cache!
req            INFO 	No cached data found for driver_info. Loading data...
_api           INFO 	Fetching driver list...
req            INFO 	Data has been written to cache!
req            INFO 	Data has been written to cache!
core           INFO 	Processing timing data...
req            INFO 	Data has been written to cache!
core           INFO 	Finished loading data for 20 drivers: ['1', '4', '63', '55', '44', '16', '81', '11', '27', '31', '3', '20', '10', '22', '14', '23', '18', '77', '2', '24']
req            INFO 	No cached data found for _extended_timing_data. Loading data...
_api           INFO 	Fetching timing data...
2026-03-20 23:30:50,811 [INFO] fetch_season: Saved quali results: data/raw/2024_R11_Q_results.parquet
2026-03-20 23:30:50,824 [INFO] fetch_season: Round 11 done — 2 new files saved.
2026-03-20 23:30:50,825 [INFO] fetch_season: Fetching: 2024 R12 (British Grand Prix) FP1
req            INFO 	No cached data found for weather_data. Loading data...
_api           INFO 	Fetching weather data...
core           INFO 	Loading data for British Grand Prix - Practice 1 [v3.8.1]
req            INFO 	No cached data found for session_info. Loading data...
_api           INFO 	Fetching session info data...
req            INFO 	Data has been written to cache!
req            INFO 	No cached data found for driver_info. Loading data...
_api           INFO 	Fetching driver list...
req            INFO 	Data has been written to cache!
core           INFO 	Finished loading data for 20 drivers: ['1', '2', '3', '4', '10', '11', '14', '16', '18', '20', '22', '23', '24', '27', '31', '44', '55', '63', '77', '81']
2026-03-20 23:30:51,518 [INFO] src.data.fetcher: Fetched 100 laps (5 fastest/driver), 14 cols: 2024 R10 FP2
2026-03-20 23:30:51,522 [INFO] src.data.loader: Saved raw data: data/raw/2024_R10_FP2.parquet
_api           INFO 	Parsing timing data...
req            INFO 	Data has been written to cache!
req            INFO 	No cached data found for timing_app_data. Loading data...
_api           INFO 	Fetching timing app data...
req            INFO 	Data has been written to cache!
req            INFO 	Data has been written to cache!
core           INFO 	Processing timing data...
2026-03-20 23:30:52,547 [INFO] fetch_season: Fetching: 2024 R10 (Spanish Grand Prix) FP3
req            INFO 	No cached data found for session_status_data. Loading data...
_api           INFO 	Fetching session status data...
core           INFO 	Loading data for Spanish Grand Prix - Practice 3 [v3.8.1]
req            INFO 	No cached data found for session_info. Loading data...
_api           INFO 	Fetching session info data...
req            INFO 	No cached data found for weather_data. Loading data...
_api           INFO 	Fetching weather data...
req            INFO 	Data has been written to cache!
req            INFO 	No cached data found for track_status_data. Loading data...
_api           INFO 	Fetching track status data...
req            INFO 	Data has been written to cache!
core           INFO 	Finished loading data for 20 drivers: ['1', '2', '3', '4', '10', '11', '14', '16', '18', '20', '22', '23', '24', '27', '31', '44', '55', '63', '77', '81']
2026-03-20 23:30:53,339 [INFO] src.data.fetcher: Fetched 97 laps (5 fastest/driver), 14 cols: 2024 R9 FP3
2026-03-20 23:30:53,343 [INFO] src.data.loader: Saved raw data: data/raw/2024_R09_FP3.parquet
req            INFO 	Data has been written to cache!
req            INFO 	No cached data found for driver_info. Loading data...
_api           INFO 	Fetching driver list...
req            INFO 	Data has been written to cache!
req            INFO 	No cached data found for _extended_timing_data. Loading data...
_api           INFO 	Fetching timing data...
req            INFO 	Data has been written to cache!
req            INFO 	No cached data found for session_status_data. Loading data...
_api           INFO 	Fetching session status data...
req            INFO 	Data has been written to cache!
req            INFO 	No cached data found for track_status_data. Loading data...
_api           INFO 	Fetching track status data...
req            INFO 	Data has been written to cache!
req            INFO 	No cached data found for _extended_timing_data. Loading data...
_api           INFO 	Fetching timing data...
core           INFO 	Loading data for Canadian Grand Prix - Qualifying [v3.8.1]
req            INFO 	No cached data found for session_info. Loading data...
_api           INFO 	Fetching session info data...
_api           INFO 	Parsing timing data...
req            INFO 	Data has been written to cache!
req            INFO 	No cached data found for timing_app_data. Loading data...
_api           INFO 	Fetching timing app data...
req            INFO 	Data has been written to cache!
req            INFO 	No cached data found for driver_info. Loading data...
_api           INFO 	Fetching driver list...
_api           INFO 	Parsing timing data...
req            INFO 	Data has been written to cache!
core           INFO 	Processing timing data...
req            INFO 	Data has been written to cache!
req            INFO 	Data has been written to cache!
req            INFO 	No cached data found for timing_app_data. Loading data...
_api           INFO 	Fetching timing app data...
req            INFO 	No cached data found for weather_data. Loading data...
_api           INFO 	Fetching weather data...
core           INFO 	Finished loading data for 20 drivers: ['63', '1', '4', '81', '3', '14', '44', '22', '18', '23', '16', '55', '2', '20', '10', '11', '77', '31', '27', '24']
2026-03-20 23:30:56,059 [INFO] fetch_season: Saved quali results: data/raw/2024_R09_Q_results.parquet
2026-03-20 23:30:56,059 [INFO] fetch_season: Round 9 done — 1 new files saved.
2026-03-20 23:30:56,061 [INFO] fetch_season: Fetching: 2024 R13 (Hungarian Grand Prix) FP1
core           INFO 	Loading data for Hungarian Grand Prix - Practice 1 [v3.8.1]
req            INFO 	No cached data found for session_info. Loading data...
_api           INFO 	Fetching session info data...
req            INFO 	Data has been written to cache!
core           INFO 	Processing timing data...
req            INFO 	Data has been written to cache!
req            INFO 	No cached data found for driver_info. Loading data...
_api           INFO 	Fetching driver list...
req            INFO 	Data has been written to cache!
core           INFO 	Finished loading data for 20 drivers: ['1', '3', '4', '14', '16', '18', '22', '23', '24', '27', '31', '37', '44', '45', '50', '55', '61', '63', '77', '81']
2026-03-20 23:30:56,747 [INFO] src.data.fetcher: Fetched 98 laps (5 fastest/driver), 14 cols: 2024 R12 FP1
req            INFO 	No cached data found for weather_data. Loading data...
_api           INFO 	Fetching weather data...
2026-03-20 23:30:56,856 [INFO] src.data.loader: Saved raw data: data/raw/2024_R12_FP1.parquet
req            INFO 	Data has been written to cache!
req            INFO 	Data has been written to cache!
core           INFO 	Finished loading data for 20 drivers: ['1', '2', '3', '4', '10', '11', '14', '16', '18', '20', '22', '23', '24', '27', '31', '44', '55', '63', '77', '81']
2026-03-20 23:30:57,300 [INFO] src.data.fetcher: Fetched 98 laps (5 fastest/driver), 14 cols: 2024 R10 FP3
2026-03-20 23:30:57,304 [INFO] src.data.loader: Saved raw data: data/raw/2024_R10_FP3.parquet
req            INFO 	No cached data found for session_status_data. Loading data...
_api           INFO 	Fetching session status data...
req            INFO 	Data has been written to cache!
req            INFO 	No cached data found for track_status_data. Loading data...
_api           INFO 	Fetching track status data...
2026-03-20 23:30:57,857 [INFO] fetch_season: Fetching: 2024 R12 (British Grand Prix) FP2
core           INFO 	Loading data for British Grand Prix - Practice 2 [v3.8.1]
req            INFO 	No cached data found for session_info. Loading data...
_api           INFO 	Fetching session info data...
req            INFO 	Data has been written to cache!
req            INFO 	No cached data found for _extended_timing_data. Loading data...
_api           INFO 	Fetching timing data...
core           INFO 	Loading data for Spanish Grand Prix - Qualifying [v3.8.1]
req            INFO 	No cached data found for session_info. Loading data...
_api           INFO 	Fetching session info data...
req            INFO 	Data has been written to cache!
req            INFO 	No cached data found for driver_info. Loading data...
_api           INFO 	Fetching driver list...
req            INFO 	Data has been written to cache!
req            INFO 	No cached data found for driver_info. Loading data...
_api           INFO 	Fetching driver list...
req            INFO 	Data has been written to cache!
req            INFO 	No cached data found for session_status_data. Loading data...
_api           INFO 	Fetching session status data...
req            INFO 	Data has been written to cache!
core           INFO 	Finished loading data for 20 drivers: ['4', '1', '44', '63', '16', '55', '10', '11', '31', '81', '14', '77', '27', '18', '24', '20', '22', '3', '23', '2']
2026-03-20 23:30:59,574 [INFO] fetch_season: Saved quali results: data/raw/2024_R10_Q_results.parquet
2026-03-20 23:30:59,574 [INFO] fetch_season: Round 10 done — 3 new files saved.
2026-03-20 23:30:59,574 [INFO] fetch_season: Fetching: 2024 R14 (Belgian Grand Prix) FP1
core           INFO 	Loading data for Belgian Grand Prix - Practice 1 [v3.8.1]
req            INFO 	No cached data found for session_info. Loading data...
_api           INFO 	Fetching session info data...
_api           INFO 	Parsing timing data...
req            INFO 	Data has been written to cache!
req            INFO 	No cached data found for track_status_data. Loading data...
_api           INFO 	Fetching track status data...
req            INFO 	Data has been written to cache!
req            INFO 	No cached data found for timing_app_data. Loading data...
_api           INFO 	Fetching timing app data...
req            INFO 	Data has been written to cache!
req            INFO 	No cached data found for driver_info. Loading data...
_api           INFO 	Fetching driver list...
req            INFO 	Data has been written to cache!
req            INFO 	No cached data found for _extended_timing_data. Loading data...
_api           INFO 	Fetching timing data...
req            INFO 	Data has been written to cache!
req            INFO 	Data has been written to cache!
core           INFO 	Processing timing data...
req            INFO 	No cached data found for session_status_data. Loading data...
_api           INFO 	Fetching session status data...
req            INFO 	No cached data found for weather_data. Loading data...
_api           INFO 	Fetching weather data...
_api           INFO 	Parsing timing data...
req            INFO 	Data has been written to cache!
req            INFO 	No cached data found for track_status_data. Loading data...
_api           INFO 	Fetching track status data...
req            INFO 	Data has been written to cache!
req            INFO 	No cached data found for timing_app_data. Loading data...
_api           INFO 	Fetching timing app data...
req            INFO 	Data has been written to cache!
req            INFO 	No cached data found for _extended_timing_data. Loading data...
_api           INFO 	Fetching timing data...
req            INFO 	Data has been written to cache!
core           INFO 	Finished loading data for 20 drivers: ['1', '2', '3', '4', '10', '11', '14', '16', '18', '20', '22', '23', '24', '31', '44', '50', '55', '63', '77', '81']
2026-03-20 23:31:02,367 [INFO] src.data.fetcher: Fetched 100 laps (5 fastest/driver), 14 cols: 2024 R13 FP1
2026-03-20 23:31:02,371 [INFO] src.data.loader: Saved raw data: data/raw/2024_R13_FP1.parquet
req            INFO 	Data has been written to cache!
core           INFO 	Processing timing data...
2026-03-20 23:31:03,373 [INFO] fetch_season: Fetching: 2024 R13 (Hungarian Grand Prix) FP2
req            INFO 	No cached data found for weather_data. Loading data...
_api           INFO 	Fetching weather data...
core           INFO 	Loading data for Hungarian Grand Prix - Practice 2 [v3.8.1]
req            INFO 	No cached data found for session_info. Loading data...
_api           INFO 	Fetching session info data...
_api           INFO 	Parsing timing data...
req            INFO 	Data has been written to cache!
req            INFO 	No cached data found for timing_app_data. Loading data...
_api           INFO 	Fetching timing app data...
req            INFO 	Data has been written to cache!
core           INFO 	Finished loading data for 20 drivers: ['1', '2', '3', '4', '10', '11', '14', '16', '18', '20', '22', '23', '24', '27', '31', '44', '55', '63', '77', '81']
2026-03-20 23:31:04,004 [WARNING] src.data.fetcher: No clean laps after filtering: 2024 R12 FP2
req            INFO 	Data has been written to cache!
req            INFO 	No cached data found for driver_info. Loading data...
_api           INFO 	Fetching driver list...
req            INFO 	Data has been written to cache!
core           INFO 	Processing timing data...
req            INFO 	Data has been written to cache!
req            INFO 	No cached data found for session_status_data. Loading data...
_api           INFO 	Fetching session status data...
2026-03-20 23:31:05,056 [INFO] fetch_season: Fetching: 2024 R12 (British Grand Prix) FP3
req            INFO 	No cached data found for weather_data. Loading data...
_api           INFO 	Fetching weather data...
core           INFO 	Loading data for British Grand Prix - Practice 3 [v3.8.1]
req            INFO 	No cached data found for session_info. Loading data...
_api           INFO 	Fetching session info data...
req            INFO 	Data has been written to cache!
core           INFO 	Finished loading data for 20 drivers: ['1', '2', '3', '4', '10', '11', '14', '16', '18', '20', '22', '23', '24', '27', '31', '44', '55', '63', '77', '81']
2026-03-20 23:31:05,357 [WARNING] src.data.fetcher: No clean laps after filtering: 2024 R14 FP1
req            INFO 	Data has been written to cache!
req            INFO 	No cached data found for driver_info. Loading data...
_api           INFO 	Fetching driver list...
req            INFO 	Data has been written to cache!
req            INFO 	No cached data found for track_status_data. Loading data...
_api           INFO 	Fetching track status data...
req            INFO 	Data has been written to cache!
req            INFO 	No cached data found for session_status_data. Loading data...
_api           INFO 	Fetching session status data...
req            INFO 	Data has been written to cache!
req            INFO 	No cached data found for _extended_timing_data. Loading data...
_api           INFO 	Fetching timing data...
req            INFO 	Data has been written to cache!
req            INFO 	No cached data found for track_status_data. Loading data...
_api           INFO 	Fetching track status data...
2026-03-20 23:31:06,358 [INFO] fetch_season: Fetching: 2024 R14 (Belgian Grand Prix) FP2
core           INFO 	Loading data for Belgian Grand Prix - Practice 2 [v3.8.1]
req            INFO 	No cached data found for session_info. Loading data...
_api           INFO 	Fetching session info data...
req            INFO 	Data has been written to cache!
req            INFO 	No cached data found for _extended_timing_data. Loading data...
_api           INFO 	Fetching timing data...
req            INFO 	Data has been written to cache!
req            INFO 	No cached data found for driver_info. Loading data...
_api           INFO 	Fetching driver list...
_api           INFO 	Parsing timing data...
req            INFO 	Data has been written to cache!
req            INFO 	Data has been written to cache!
req            INFO 	No cached data found for timing_app_data. Loading data...
_api           INFO 	Fetching timing app data...
req            INFO 	No cached data found for session_status_data. Loading data...
_api           INFO 	Fetching session status data...
_api           INFO 	Parsing timing data...
req            INFO 	Data has been written to cache!
core           INFO 	Processing timing data...
req            INFO 	Data has been written to cache!
req            INFO 	No cached data found for timing_app_data. Loading data...
_api           INFO 	Fetching timing app data...
req            INFO 	Data has been written to cache!
req            INFO 	No cached data found for track_status_data. Loading data...
_api           INFO 	Fetching track status data...
req            INFO 	No cached data found for weather_data. Loading data...
_api           INFO 	Fetching weather data...
req            INFO 	Data has been written to cache!
core           INFO 	Processing timing data...
req            INFO 	Data has been written to cache!
req            INFO 	No cached data found for _extended_timing_data. Loading data...
_api           INFO 	Fetching timing data...
req            INFO 	Data has been written to cache!
core           INFO 	Finished loading data for 20 drivers: ['1', '2', '3', '4', '10', '11', '14', '16', '18', '20', '22', '23', '24', '27', '31', '44', '55', '63', '77', '81']
2026-03-20 23:31:08,972 [INFO] src.data.fetcher: Fetched 99 laps (5 fastest/driver), 14 cols: 2024 R13 FP2
req            INFO 	No cached data found for weather_data. Loading data...
_api           INFO 	Fetching weather data...
2026-03-20 23:31:09,199 [INFO] src.data.loader: Saved raw data: data/raw/2024_R13_FP2.parquet
req            INFO 	Data has been written to cache!
core           INFO 	Finished loading data for 20 drivers: ['1', '2', '3', '4', '10', '11', '14', '16', '18', '20', '22', '23', '24', '27', '31', '44', '55', '63', '77', '81']
2026-03-20 23:31:09,505 [WARNING] src.data.fetcher: No clean laps after filtering: 2024 R12 FP3
_api           INFO 	Parsing timing data...
req            INFO 	Data has been written to cache!
req            INFO 	No cached data found for timing_app_data. Loading data...
_api           INFO 	Fetching timing app data...
2026-03-20 23:31:10,201 [INFO] fetch_season: Fetching: 2024 R13 (Hungarian Grand Prix) FP3
core           INFO 	Loading data for Hungarian Grand Prix - Practice 3 [v3.8.1]
req            INFO 	No cached data found for session_info. Loading data...
_api           INFO 	Fetching session info data...
req            INFO 	Data has been written to cache!
core           INFO 	Processing timing data...
req            INFO 	Data has been written to cache!
req            INFO 	No cached data found for driver_info. Loading data...
_api           INFO 	Fetching driver list...
req            INFO 	No cached data found for weather_data. Loading data...
_api           INFO 	Fetching weather data...
core           INFO 	Loading data for British Grand Prix - Qualifying [v3.8.1]
req            INFO 	No cached data found for session_info. Loading data...
_api           INFO 	Fetching session info data...
req            INFO 	Data has been written to cache!
req            INFO 	No cached data found for session_status_data. Loading data...
_api           INFO 	Fetching session status data...
req            INFO 	Data has been written to cache!
req            INFO 	No cached data found for driver_info. Loading data...
_api           INFO 	Fetching driver list...
req            INFO 	Data has been written to cache!
core           INFO 	Finished loading data for 20 drivers: ['1', '2', '3', '4', '10', '11', '14', '16', '18', '20', '22', '23', '24', '27', '31', '44', '55', '63', '77', '81']
2026-03-20 23:31:11,385 [INFO] src.data.fetcher: Fetched 100 laps (5 fastest/driver), 14 cols: 2024 R14 FP2
2026-03-20 23:31:11,389 [INFO] src.data.loader: Saved raw data: data/raw/2024_R14_FP2.parquet
req            INFO 	Data has been written to cache!
req            INFO 	No cached data found for track_status_data. Loading data...
_api           INFO 	Fetching track status data...
req            INFO 	Data has been written to cache!
core           INFO 	Finished loading data for 20 drivers: ['63', '44', '4', '1', '81', '27', '55', '18', '23', '14', '16', '2', '22', '24', '3', '77', '20', '31', '11', '10']
2026-03-20 23:31:11,942 [INFO] fetch_season: Saved quali results: data/raw/2024_R12_Q_results.parquet
2026-03-20 23:31:11,942 [INFO] fetch_season: Round 12 done — 1 new files saved.
2026-03-20 23:31:11,943 [INFO] fetch_season: Fetching: 2024 R15 (Dutch Grand Prix) FP1
core           INFO 	Loading data for Dutch Grand Prix - Practice 1 [v3.8.1]
req            INFO 	No cached data found for session_info. Loading data...
_api           INFO 	Fetching session info data...
req            INFO 	Data has been written to cache!
req            INFO 	No cached data found for _extended_timing_data. Loading data...
_api           INFO 	Fetching timing data...
req            INFO 	Data has been written to cache!
req            INFO 	No cached data found for driver_info. Loading data...
_api           INFO 	Fetching driver list...
2026-03-20 23:31:12,390 [INFO] fetch_season: Fetching: 2024 R14 (Belgian Grand Prix) FP3
core           INFO 	Loading data for Belgian Grand Prix - Practice 3 [v3.8.1]
req            INFO 	No cached data found for session_info. Loading data...
_api           INFO 	Fetching session info data...
req            INFO 	Data has been written to cache!
req            INFO 	No cached data found for driver_info. Loading data...
_api           INFO 	Fetching driver list...
req            INFO 	Data has been written to cache!
_api           INFO 	Parsing timing data...
req            INFO 	Data has been written to cache!
req            INFO 	No cached data found for timing_app_data. Loading data...
_api           INFO 	Fetching timing app data...
req            INFO 	Data has been written to cache!
req            INFO 	No cached data found for session_status_data. Loading data...
_api           INFO 	Fetching session status data...
req            INFO 	No cached data found for session_status_data. Loading data...
_api           INFO 	Fetching session status data...
req            INFO 	Data has been written to cache!
req            INFO 	No cached data found for track_status_data. Loading data...
_api           INFO 	Fetching track status data...
req            INFO 	Data has been written to cache!
core           INFO 	Processing timing data...
req            INFO 	Data has been written to cache!
req            INFO 	No cached data found for _extended_timing_data. Loading data...
_api           INFO 	Fetching timing data...
req            INFO 	Data has been written to cache!
req            INFO 	No cached data found for track_status_data. Loading data...
_api           INFO 	Fetching track status data...
req            INFO 	No cached data found for weather_data. Loading data...
_api           INFO 	Fetching weather data...
req            INFO 	Data has been written to cache!
core           INFO 	Finished loading data for 20 drivers: ['1', '2', '3', '4', '10', '11', '14', '16', '18', '20', '22', '23', '24', '27', '31', '44', '55', '63', '77', '81']
2026-03-20 23:31:14,546 [INFO] src.data.fetcher: Fetched 96 laps (5 fastest/driver), 14 cols: 2024 R13 FP3
req            INFO 	Data has been written to cache!
req            INFO 	No cached data found for _extended_timing_data. Loading data...
_api           INFO 	Fetching timing data...
2026-03-20 23:31:14,552 [INFO] src.data.loader: Saved raw data: data/raw/2024_R13_FP3.parquet
_api           INFO 	Parsing timing data...
_api        WARNING 	Driver 20: Ignoring late data for a previously processed lap.The data may contain errors (previous: 2; current 3)
req            INFO 	Data has been written to cache!
req            INFO 	No cached data found for timing_app_data. Loading data...
_api           INFO 	Fetching timing app data...
req            INFO 	Data has been written to cache!
core           INFO 	Processing timing data...
_api           INFO 	Parsing timing data...
req            INFO 	Data has been written to cache!
req            INFO 	No cached data found for timing_app_data. Loading data...
_api           INFO 	Fetching timing app data...
req            INFO 	No cached data found for weather_data. Loading data...
_api           INFO 	Fetching weather data...
core           INFO 	Loading data for Hungarian Grand Prix - Qualifying [v3.8.1]
req            INFO 	No cached data found for session_info. Loading data...
_api           INFO 	Fetching session info data...
req            INFO 	Data has been written to cache!
core           INFO 	Processing timing data...
req            INFO 	Data has been written to cache!
req            INFO 	No cached data found for driver_info. Loading data...
_api           INFO 	Fetching driver list...
req            INFO 	No cached data found for weather_data. Loading data...
_api           INFO 	Fetching weather data...
req            INFO 	Data has been written to cache!
core           INFO 	Finished loading data for 20 drivers: ['1', '2', '3', '4', '10', '11', '14', '16', '18', '20', '22', '23', '24', '27', '31', '44', '55', '63', '77', '81']
2026-03-20 23:31:16,565 [WARNING] src.data.fetcher: No clean laps after filtering: 2024 R14 FP3
req            INFO 	Data has been written to cache!
core           INFO 	Finished loading data for 20 drivers: ['4', '81', '1', '55', '44', '16', '14', '18', '3', '22', '27', '77', '23', '2', '20', '11', '63', '24', '31', '10']
2026-03-20 23:31:16,990 [INFO] fetch_season: Saved quali results: data/raw/2024_R13_Q_results.parquet
2026-03-20 23:31:16,990 [INFO] fetch_season: Round 13 done — 3 new files saved.
2026-03-20 23:31:16,990 [INFO] fetch_season: Fetching: 2024 R16 (Italian Grand Prix) FP1
core           INFO 	Loading data for Italian Grand Prix - Practice 1 [v3.8.1]
req            INFO 	No cached data found for session_info. Loading data...
_api           INFO 	Fetching session info data...
req            INFO 	Data has been written to cache!
core           INFO 	Finished loading data for 20 drivers: ['1', '2', '3', '4', '10', '11', '14', '16', '18', '20', '22', '23', '24', '27', '31', '44', '55', '63', '81', '97']
2026-03-20 23:31:17,058 [WARNING] src.data.fetcher: No clean laps after filtering: 2024 R15 FP1
req            INFO 	Data has been written to cache!
req            INFO 	No cached data found for driver_info. Loading data...
_api           INFO 	Fetching driver list...
req            INFO 	Data has been written to cache!
core           INFO 	Loading data for Belgian Grand Prix - Qualifying [v3.8.1]
req            INFO 	No cached data found for session_info. Loading data...
_api           INFO 	Fetching session info data...
req            INFO 	No cached data found for session_status_data. Loading data...
_api           INFO 	Fetching session status data...
req            INFO 	Data has been written to cache!
req            INFO 	No cached data found for track_status_data. Loading data...
_api           INFO 	Fetching track status data...
2026-03-20 23:31:18,059 [INFO] fetch_season: Fetching: 2024 R15 (Dutch Grand Prix) FP2
core           INFO 	Loading data for Dutch Grand Prix - Practice 2 [v3.8.1]
req            INFO 	No cached data found for session_info. Loading data...
_api           INFO 	Fetching session info data...
req            INFO 	Data has been written to cache!
req            INFO 	No cached data found for driver_info. Loading data...
_api           INFO 	Fetching driver list...
req            INFO 	Data has been written to cache!
req            INFO 	No cached data found for driver_info. Loading data...
_api           INFO 	Fetching driver list...
req            INFO 	Data has been written to cache!
req            INFO 	No cached data found for _extended_timing_data. Loading data...
_api           INFO 	Fetching timing data...
req            INFO 	Data has been written to cache!
req            INFO 	No cached data found for session_status_data. Loading data...
_api           INFO 	Fetching session status data...
req            INFO 	Data has been written to cache!
core           INFO 	Finished loading data for 20 drivers: ['1', '16', '11', '44', '4', '81', '63', '55', '14', '31', '23', '10', '3', '77', '18', '27', '20', '22', '2', '24']
2026-03-20 23:31:19,089 [INFO] fetch_season: Saved quali results: data/raw/2024_R14_Q_results.parquet
2026-03-20 23:31:19,089 [INFO] fetch_season: Round 14 done — 1 new files saved.
2026-03-20 23:31:19,089 [INFO] fetch_season: Fetching: 2024 R17 (Azerbaijan Grand Prix) FP1
core           INFO 	Loading data for Azerbaijan Grand Prix - Practice 1 [v3.8.1]
req            INFO 	No cached data found for session_info. Loading data...
_api           INFO 	Fetching session info data...
req            INFO 	Data has been written to cache!
req            INFO 	No cached data found for track_status_data. Loading data...
_api           INFO 	Fetching track status data...
_api           INFO 	Parsing timing data...
req            INFO 	Data has been written to cache!
req            INFO 	No cached data found for driver_info. Loading data...
_api           INFO 	Fetching driver list...
req            INFO 	Data has been written to cache!
req            INFO 	Data has been written to cache!
req            INFO 	No cached data found for _extended_timing_data. Loading data...
_api           INFO 	Fetching timing data...
req            INFO 	No cached data found for timing_app_data. Loading data...
_api           INFO 	Fetching timing app data...
req            INFO 	Data has been written to cache!
req            INFO 	Data has been written to cache!
core           INFO 	Processing timing data...
req            INFO 	No cached data found for session_status_data. Loading data...
_api           INFO 	Fetching session status data...
req            INFO 	No cached data found for weather_data. Loading data...
_api           INFO 	Fetching weather data...
req            INFO 	Data has been written to cache!
req            INFO 	No cached data found for track_status_data. Loading data...
_api           INFO 	Fetching track status data...
_api           INFO 	Parsing timing data...
req            INFO 	Data has been written to cache!
core           INFO 	Finished loading data for 20 drivers: ['1', '3', '4', '10', '11', '12', '14', '16', '18', '20', '22', '23', '24', '27', '31', '43', '44', '55', '77', '81']
req            INFO 	Data has been written to cache!
2026-03-20 23:31:21,667 [INFO] src.data.fetcher: Fetched 96 laps (5 fastest/driver), 14 cols: 2024 R16 FP1
req            INFO 	No cached data found for _extended_timing_data. Loading data...
_api           INFO 	Fetching timing data...
req            INFO 	Data has been written to cache!
req            INFO 	No cached data found for timing_app_data. Loading data...
_api           INFO 	Fetching timing app data...
2026-03-20 23:31:21,699 [INFO] src.data.loader: Saved raw data: data/raw/2024_R16_FP1.parquet
req            INFO 	Data has been written to cache!
core           INFO 	Processing timing data...
_api           INFO 	Parsing timing data...
2026-03-20 23:31:22,738 [INFO] fetch_season: Fetching: 2024 R16 (Italian Grand Prix) SQ
req            INFO 	Data has been written to cache!
req            INFO 	No cached data found for timing_app_data. Loading data...
_api           INFO 	Fetching timing app data...
2026-03-20 23:31:23,067 [ERROR] src.data.fetcher: Failed to fetch 2024 R16 SQ: Session type 'Sprint Qualifying' does not exist for this event
req            INFO 	No cached data found for weather_data. Loading data...
_api           INFO 	Fetching weather data...
req            INFO 	Data has been written to cache!
core           INFO 	Processing timing data...
req            INFO 	Data has been written to cache!
core           INFO 	Finished loading data for 20 drivers: ['1', '2', '3', '4', '10', '11', '14', '16', '18', '20', '22', '23', '24', '27', '31', '44', '55', '63', '77', '81']
req            INFO 	No cached data found for weather_data. Loading data...
_api           INFO 	Fetching weather data...
2026-03-20 23:31:23,976 [INFO] src.data.fetcher: Fetched 98 laps (5 fastest/driver), 14 cols: 2024 R15 FP2
2026-03-20 23:31:23,980 [INFO] src.data.loader: Saved raw data: data/raw/2024_R15_FP2.parquet
core           INFO 	Loading data for Italian Grand Prix - Qualifying [v3.8.1]
req            INFO 	No cached data found for session_info. Loading data...
_api           INFO 	Fetching session info data...
req            INFO 	Data has been written to cache!
core           INFO 	Finished loading data for 20 drivers: ['1', '3', '4', '10', '11', '14', '16', '18', '22', '23', '24', '27', '31', '43', '44', '50', '55', '63', '77', '81']
2026-03-20 23:31:24,298 [INFO] src.data.fetcher: Fetched 95 laps (5 fastest/driver), 14 cols: 2024 R17 FP1
2026-03-20 23:31:24,302 [INFO] src.data.loader: Saved raw data: data/raw/2024_R17_FP1.parquet
req            INFO 	Data has been written to cache!
req            INFO 	No cached data found for driver_info. Loading data...
_api           INFO 	Fetching driver list...
req            INFO 	Data has been written to cache!
core           INFO 	Finished loading data for 20 drivers: ['4', '81', '63', '16', '55', '44', '1', '11', '23', '27', '14', '3', '20', '10', '31', '22', '18', '43', '77', '24']
2026-03-20 23:31:24,988 [INFO] fetch_season: Fetching: 2024 R15 (Dutch Grand Prix) FP3
2026-03-20 23:31:24,992 [INFO] fetch_season: Saved quali results: data/raw/2024_R16_Q_results.parquet
2026-03-20 23:31:24,992 [INFO] fetch_season: Fetching: 2024 R18 (Singapore Grand Prix) FP1
2026-03-20 23:31:24,992 [INFO] fetch_season: Round 16 done — 1 new files saved.
core           INFO 	Loading data for Singapore Grand Prix - Practice 1 [v3.8.1]
req            INFO 	No cached data found for session_info. Loading data...
_api           INFO 	Fetching session info da2026-03-20 23:31:30,105 [INFO] fetch_season: Fetching: 2024 R15 (Dutch Grand Prix) FP1
core           INFO 	Loading data for Dutch Grand Prix - Practice 1 [v3.8.1]
req            INFO 	Using cached data for session_info
req            INFO 	Using cached data for driver_info
req            INFO 	Using cached data for session_status_data
req            INFO 	Using cached data for track_status_data
req            INFO 	Using cached data for _extended_timing_data
req            INFO 	Using cached data for timing_app_data
core           INFO 	Processing timing data...
req            INFO 	Using cached data for weather_data
core           INFO 	Finished loading data for 20 drivers: ['1', '2', '3', '4', '10', '11', '14', '16', '18', '20', '22', '23', '24', '27', '31', '44', '55', '63', '81', '97']
2026-03-20 23:31:30,722 [WARNING] src.data.fetcher: No clean laps after filtering: 2024 R15 FP1
2026-03-20 23:31:33,722 [INFO] fetch_season: Skip (cached): 2024 R15 (Dutch Grand Prix) FP2
2026-03-20 23:31:33,722 [INFO] fetch_season: Fetching: 2024 R15 (Dutch Grand Prix) FP3
core           INFO 	Loading data for Dutch Grand Prix - Practice 3 [v3.8.1]
req            INFO 	Using cached data for session_info
req            INFO 	Using cached data for driver_info
req            INFO 	Using cached data for session_status_data
req            INFO 	Using cached data for track_status_data
req            INFO 	Using cached data for _extended_timing_data
req            INFO 	Using cached data for timing_app_data
core           INFO 	Processing timing data...
req            INFO 	Using cached data for weather_data
core           INFO 	Finished loading data for 20 drivers: ['1', '2', '3', '4', '10', '11', '14', '16', '18', '20', '22', '23', '24', '27', '31', '44', '55', '63', '77', '81']
2026-03-20 23:31:34,259 [WARNING] src.data.fetcher: No clean laps after filtering: 2024 R15 FP3
2026-03-20 23:31:40,262 [INFO] fetch_season: Skip (cached): 2024 R16 (Italian Grand Prix) FP1
2026-03-20 23:31:40,262 [INFO] fetch_season: Fetching: 2024 R16 (Italian Grand Prix) SQ
2026-03-20 23:31:40,279 [ERROR] src.data.fetcher: Failed to fetch 2024 R16 SQ: Session type 'Sprint Qualifying' does not exist for this event
2026-03-20 23:31:46,282 [INFO] fetch_season: Skip (cached): 2024 R17 (Azerbaijan Grand Prix) FP1
2026-03-20 23:31:46,282 [INFO] fetch_season: Fetching: 2024 R17 (Azerbaijan Grand Prix) SQ
2026-03-20 23:31:46,300 [ERROR] src.data.fetcher: Failed to fetch 2024 R17 SQ: Session type 'Sprint Qualifying' does not exist for this event
2026-03-20 23:31:52,304 [INFO] fetch_season: Skip (cached): 2024 R18 (Singapore Grand Prix) FP1
2026-03-20 23:31:52,304 [INFO] fetch_season: Skip (cached): 2024 R18 (Singapore Grand Prix) FP2
2026-03-20 23:31:52,305 [INFO] fetch_season: Skip (cached): 2024 R18 (Singapore Grand Prix) FP3
2026-03-20 23:31:55,306 [INFO] fetch_season: Skip (cached): 2024 R19 (United States Grand Prix) FP1
2026-03-20 23:31:55,307 [INFO] fetch_season: Skip (cached): 2024 R19 (United States Grand Prix) SQ
2026-03-20 23:31:58,308 [INFO] fetch_season: Skip (cached): 2024 R20 (Mexico City Grand Prix) FP1
2026-03-20 23:31:58,308 [INFO] fetch_season: Skip (cached): 2024 R20 (Mexico City Grand Prix) FP2
2026-03-20 23:31:58,308 [INFO] fetch_season: Skip (cached): 2024 R20 (Mexico City Grand Prix) FP3
--- Logging error ---
Traceback (most recent call last):
  File "C:\Users\moram\AppData\Local\Programs\Python\Python311\Lib\logging\__init__.py", line 1113, in emit
    stream.write(msg + self.terminator)
  File "C:\Users\moram\AppData\Local\Programs\Python\Python311\Lib\encodings\cp1250.py", line 19, in encode
    return codecs.charmap_encode(input,self.errors,encoding_table)[0]
           ^^^^^^^^^^^^^^^^^^^^^^^^^^^^^^^^^^^^^^^^^^^^^^^^^^^^^^^
UnicodeEncodeError: 'charmap' codec can't encode character '\xe3' in position 71: character maps to <undefined>
Call stack:
  File "C:\Users\moram\Documents\Móra Márton\ELTE\f1_project\venv\prediction_project\scripts\fetch_season.py", line 104, in <module>
  File "C:\Users\moram\Documents\Móra Márton\ELTE\f1_project\venv\prediction_project\scripts\fetch_season.py", line 88, in main
    parser = argparse.ArgumentParser()
Message: 'Skip (cached): 2024 R21 (S\xe3o Paulo Grand Prix) FP1'
Arguments: ()
--- Logging error ---
Traceback (most recent call last):
  File "C:\Users\moram\AppData\Local\Programs\Python\Python311\Lib\logging\__init__.py", line 1113, in emit
    stream.write(msg + self.terminator)
  File "C:\Users\moram\AppData\Local\Programs\Python\Python311\Lib\encodings\cp1250.py", line 19, in encode
    return codecs.charmap_encode(input,self.errors,encoding_table)[0]
           ^^^^^^^^^^^^^^^^^^^^^^^^^^^^^^^^^^^^^^^^^^^^^^^^^^^^^^^
UnicodeEncodeError: 'charmap' codec can't encode character '\xe3' in position 66: character maps to <undefined>
Call stack:
  File "C:\Users\moram\Documents\Móra Márton\ELTE\f1_project\venv\prediction_project\scripts\fetch_season.py", line 104, in <module>
  File "C:\Users\moram\Documents\Móra Márton\ELTE\f1_project\venv\prediction_project\scripts\fetch_season.py", line 91, in main
    parser.add_argument("--cache-dir", default="cache/")
Message: 'Fetching: 2024 R21 (S\xe3o Paulo Grand Prix) FP2'
Arguments: ()
2026-03-20 23:32:01,327 [ERROR] src.data.fetcher: Failed to fetch 2024 R21 FP2: Session type 'Practice 2' does not exist for this event
--- Logging error ---
Traceback (most recent call last):
  File "C:\Users\moram\AppData\Local\Programs\Python\Python311\Lib\logging\__init__.py", line 1113, in emit
    stream.write(msg + self.terminator)
  File "C:\Users\moram\AppData\Local\Programs\Python\Python311\Lib\encodings\cp1250.py", line 19, in encode
    return codecs.charmap_encode(input,self.errors,encoding_table)[0]
           ^^^^^^^^^^^^^^^^^^^^^^^^^^^^^^^^^^^^^^^^^^^^^^^^^^^^^^^
UnicodeEncodeError: 'charmap' codec can't encode character '\xe3' in position 66: character maps to <undefined>
Call stack:
  File "C:\Users\moram\Documents\Móra Márton\ELTE\f1_project\venv\prediction_project\scripts\fetch_season.py", line 104, in <module>
  File "C:\Users\moram\Documents\Móra Márton\ELTE\f1_project\venv\prediction_project\scripts\fetch_season.py", line 91, in main
    parser.add_argument("--cache-dir", default="cache/")
Message: 'Fetching: 2024 R21 (S\xe3o Paulo Grand Prix) FP3'
Arguments: ()
2026-03-20 23:32:04,342 [ERROR] src.data.fetcher: Failed to fetch 2024 R21 FP3: Session type 'Practice 3' does not exist for this event
2026-03-20 23:32:10,345 [INFO] fetch_season: Skip (cached): 2024 R22 (Las Vegas Grand Prix) FP1
2026-03-20 23:32:10,345 [INFO] fetch_season: Skip (cached): 2024 R22 (Las Vegas Grand Prix) FP2
2026-03-20 23:32:10,345 [INFO] fetch_season: Skip (cached): 2024 R22 (Las Vegas Grand Prix) FP3
2026-03-20 23:32:13,347 [INFO] fetch_season: Skip (cached): 2024 R23 (Qatar Grand Prix) FP1
2026-03-20 23:32:13,347 [INFO] fetch_season: Fetching: 2024 R23 (Qatar Grand Prix) FP2
2026-03-20 23:32:13,583 [ERROR] src.data.fetcher: Failed to fetch 2024 R23 FP2: Session type 'Practice 2' does not exist for this event
2026-03-20 23:32:16,584 [INFO] fetch_season: Fetching: 2024 R23 (Qatar Grand Prix) FP3
2026-03-20 23:32:16,601 [ERROR] src.data.fetcher: Failed to fetch 2024 R23 FP3: Session type 'Practice 3' does not exist for this event
2026-03-20 23:32:22,603 [INFO] fetch_season: Skip (cached): 2024 R24 (Abu Dhabi Grand Prix) FP1
2026-03-20 23:32:22,603 [INFO] fetch_season: Skip (cached): 2024 R24 (Abu Dhabi Grand Prix) FP2
2026-03-20 23:32:22,603 [INFO] fetch_season: Skip (cached): 2024 R24 (Abu Dhabi Grand Prix) FP3
30', '31', '43', '44', '55', '63', '77', '81']
2026-03-20 23:31:32,183 [INFO] src.data.fetcher: Fetched 100 laps (5 fastest/driver), 14 cols: 2024 R19 FP1
2026-03-20 23:31:32,188 [INFO] src.data.loader: Saved raw data: data/raw/2024_R19_FP1.parquet
req            INFO 	Data has been written to cache!
req            INFO 	No cached data found for session_status_data. Loading data...
_api           INFO 	Fetching session status data...
req            INFO 	Data has been written to cache!
req            INFO 	No cached data found for driver_info. Loading data...
_api           INFO 	Fetching driver list...
req            INFO 	Data has been written to cache!
req            INFO 	No cached data found for track_status_data. Loading data...
_api           INFO 	Fetching track status data...
req            INFO 	Data has been written to cache!
req            INFO 	Data has been written to cache!
req            INFO 	No cached data found for _extended_timing_data. Loading data...
_api           INFO 	Fetching timing data...
req            INFO 	No cached data found for session_status_data. Loading data...
_api           INFO 	Fetching session status data...
2026-03-20 23:31:33,189 [INFO] fetch_season: Fetching: 2024 R19 (United States Grand Prix) SQ
core           INFO 	Loading data for United States Grand Prix - Sprint Qualifying [v3.8.1]
req            INFO 	No cached data found for session_info. Loading data...
_api           INFO 	Fetching session info data...
_api           INFO 	Parsing timing data...
req            INFO 	Data has been written to cache!
req            INFO 	No cached data found for driver_info. Loading data...
_api           INFO 	Fetching driver list...
req            INFO 	Data has been written to cache!
req            INFO 	No cached data found for track_status_data. Loading data...
_api           INFO 	Fetching track status data...
req            INFO 	Data has been written to cache!
req            INFO 	No cached data found for timing_app_data. Loading data...
_api           INFO 	Fetching timing app data...
req            INFO 	Data has been written to cache!
core        WARNING 	Sprint Qualifying is not supported by Ergast! Limited results are calculated from timing data.
req            INFO 	No cached data found for session_status_data. Loading data...
_api           INFO 	Fetching session status data...
req            INFO 	Data has been written to cache!
req            INFO 	No cached data found for _extended_timing_data. Loading data...
_api           INFO 	Fetching timing data...
req            INFO 	Data has been written to cache!
core           INFO 	Processing timing data...
req            INFO 	Data has been written to cache!
req            INFO 	No cached data found for track_status_data. Loading data...
_api           INFO 	Fetching track status data...
req            INFO 	No cached data found for weather_data. Loading data...
_api           INFO 	Fetching weather data...
req            INFO 	Data has been written to cache!
req            INFO 	No cached data found for _extended_timing_data. Loading data...
_api           INFO 	Fetching timing data...
_api           INFO 	Parsing timing data...
req            INFO 	Data has been written to cache!
req            INFO 	No cached data found for timing_app_data. Loading data...
_api           INFO 	Fetching timing app data...
req            INFO 	Data has been written to cache!
core           INFO 	Finished loading data for 20 drivers: ['1', '3', '4', '10', '11', '14', '16', '18', '20', '22', '23', '24', '27', '31', '43', '44', '55', '63', '77', '81']
2026-03-20 23:31:35,869 [INFO] src.data.fetcher: Fetched 100 laps (5 fastest/driver), 14 cols: 2024 R18 FP2
2026-03-20 23:31:35,874 [INFO] src.data.loader: Saved raw data: data/raw/2024_R18_FP2.parquet
_api           INFO 	Parsing timing data...
req            INFO 	Data has been written to cache!
req            INFO 	No cached data found for timing_app_data. Loading data...
_api           INFO 	Fetching timing app data...
req            INFO 	Data has been written to cache!
core           INFO 	Processing timing data...
req            INFO 	No cached data found for weather_data. Loading data...
_api           INFO 	Fetching weather data...
req            INFO 	Data has been written to cache!
core           INFO 	Processing timing data...
2026-03-20 23:31:36,880 [INFO] fetch_season: Fetching: 2024 R18 (Singapore Grand Prix) FP3
req            INFO 	No cached data found for weather_data. Loading data...
_api           INFO 	Fetching weather data...
core           INFO 	Loading data for Singapore Grand Prix - Practice 3 [v3.8.1]
req            INFO 	No cached data found for session_info. Loading data...
_api           INFO 	Fetching session info data...
req            INFO 	Data has been written to cache!
core           INFO 	Finished loading data for 20 drivers: ['1', '10', '11', '12', '18', '20', '22', '23', '27', '29', '30', '31', '34', '38', '43', '55', '63', '77', '81', '97']
2026-03-20 23:31:37,336 [INFO] src.data.fetcher: Fetched 98 laps (5 fastest/driver), 14 cols: 2024 R20 FP1
2026-03-20 23:31:37,340 [INFO] src.data.loader: Saved raw data: data/raw/2024_R20_FP1.parquet
req            INFO 	Data has been written to cache!
req            INFO 	No cached data found for driver_info. Loading data...
_api           INFO 	Fetching driver list...
req            INFO 	Data has been written to cache!
core        WARNING 	Cannot calculate qualifying results: missing information about deleted laps. Make sure that race control messages are being loaded.
logger      WARNING 	Failed to calculate quali results from lap times!
core           INFO 	Finished loading data for 20 drivers: ['55', '16', '1', '4', '81', '44', '63', '20', '14', '22', '27', '10', '30', '23', '18', '11', '31', '77', '43', '24']
2026-03-20 23:31:37,753 [INFO] src.data.fetcher: Fetched 76 laps (5 fastest/driver), 14 cols: 2024 R19 SQ
req            INFO 	Data has been written to cache!
2026-03-20 23:31:37,760 [INFO] src.data.loader: Saved raw data: data/raw/2024_R19_SQ.parquet
req            INFO 	No cached data found for session_status_data. Loading data...
_api           INFO 	Fetching session status data...
req            INFO 	Data has been written to cache!
req            INFO 	No cached data found for track_status_data. Loading data...
_api           INFO 	Fetching track status data...
req            INFO 	Data has been written to cache!
req            INFO 	No cached data found for _extended_timing_data. Loading data...
_api           INFO 	Fetching timing data...
2026-03-20 23:31:38,341 [INFO] fetch_season: Fetching: 2024 R20 (Mexico City Grand Prix) FP2
core           INFO 	Loading data for Mexico City Grand Prix - Practice 2 [v3.8.1]
req            INFO 	No cached data found for session_info. Loading data...
_api           INFO 	Fetching session info data...
_api           INFO 	Parsing timing data...
req            INFO 	Data has been written to cache!
req            INFO 	No cached data found for driver_info. Loading data...
_api           INFO 	Fetching driver list...
req            INFO 	Data has been written to cache!
req            INFO 	No cached data found for timing_app_data. Loading data...
_api           INFO 	Fetching timing app data...
core           INFO 	Loading data for United States Grand Prix - Qualifying [v3.8.1]
req            INFO 	No cached data found for session_info. Loading data...
_api           INFO 	Fetching session info data...
req            INFO 	Data has been written to cache!
req            INFO 	No cached data found for session_status_data. Loading data...
_api           INFO 	Fetching session status data...
req            INFO 	Data has been written to cache!
req            INFO 	No cached data found for driver_info. Loading data...
_api           INFO 	Fetching driver list...
req            INFO 	Data has been written to cache!
core           INFO 	Processing timing data...
req            INFO 	Data has been written to cache!
req            INFO 	No cached data found for track_status_data. Loading data...
_api           INFO 	Fetching track status data...
req            INFO 	No cached data found for weather_data. Loading data...
_api           INFO 	Fetching weather data...
req            INFO 	Data has been written to cache!
req            INFO 	Data has been written to cache!
req            INFO 	No cached data found for _extended_timing_data. Loading data...
_api           INFO 	Fetching timing data...
core           INFO 	Finished loading data for 20 drivers: ['4', '1', '55', '16', '81', '63', '10', '14', '20', '11', '22', '27', '31', '18', '30', '23', '43', '77', '44', '24']
2026-03-20 23:31:40,574 [INFO] fetch_season: Saved quali results: data/raw/2024_R19_Q_results.parquet
2026-03-20 23:31:40,574 [INFO] fetch_season: Round 19 done — 2 new files saved.
--- Logging error ---
req            INFO 	Data has been written to cache!
core           INFO 	Finished loading data for 20 drivers: ['1', '3', '4', '10', '11', '14', '16', '18', '20', '22', '23', '24', '27', '31', '43', '44', '55', '63', '77', '81']
Traceback (most recent call last):
2026-03-20 23:31:40,656 [INFO] src.data.fetcher: Fetched 99 laps (5 fastest/driver), 14 cols: 2024 R18 FP3
  File "C:\Users\moram\AppData\Local\Programs\Python\Python311\Lib\logging\__init__.py", line 1113, in emit
    stream.write(msg + self.terminator)
  File "C:\Users\moram\AppData\Local\Programs\Python\Python311\Lib\encodings\cp1250.py", line 19, in encode
    return codecs.charmap_encode(input,self.errors,encoding_table)[0]
           ^^^^^^^^^^^^^^^^^^^^^^^^^^^^^^^^^^^^^^^^^^^^^^^^^^^^^^^
UnicodeEncodeError: 'charmap' codec can't encode character '\xe3' in position 66: character maps to <undefined>
Call stack:
2026-03-20 23:31:40,661 [INFO] src.data.loader: Saved raw data: data/raw/2024_R18_FP3.parquet
  File "C:\Users\moram\AppData\Local\Programs\Python\Python311\Lib\threading.py", line 995, in _bootstrap
    self._bootstrap_inner()
  File "C:\Users\moram\AppData\Local\Programs\Python\Python311\Lib\threading.py", line 1038, in _bootstrap_inner
    self.run()
  File "C:\Users\moram\AppData\Local\Programs\Python\Python311\Lib\threading.py", line 975, in run
    self._target(*self._args, **self._kwargs)
  File "C:\Users\moram\AppData\Local\Programs\Python\Python311\Lib\concurrent\futures\thread.py", line 83, in _worker
    work_item.run()
  File "C:\Users\moram\AppData\Local\Programs\Python\Python311\Lib\concurrent\futures\thread.py", line 58, in run
    result = self.fn(*self.args, **self.kwargs)
  File "C:\Users\moram\Documents\Móra Márton\ELTE\f1_project\venv\prediction_project\scripts\fetch_season.py", line 76, in fetch_round
    logger.info(f"Fetching: {year} R{round_number} ({event_name}) {session}")
Message: 'Fetching: 2024 R21 (S\xe3o Paulo Grand Prix) FP1'
Arguments: ()
core           INFO 	Loading data for S\xe3o Paulo Grand Prix - Practice 1 [v3.8.1]
req            INFO 	No cached data found for session_info. Loading data...
_api           INFO 	Fetching session info data...
req            INFO 	Data has been written to cache!
req            INFO 	No cached data found for driver_info. Loading data...
_api           INFO 	Fetching driver list...
_api           INFO 	Parsing timing data...
req            INFO 	Data has been written to cache!
req            INFO 	No cached data found for timing_app_data. Loading data...
_api           INFO 	Fetching timing app data...
req            INFO 	Data has been written to cache!
core           INFO 	Loading data for Singapore Grand Prix - Qualifying [v3.8.1]
req            INFO 	No cached data found for session_info. Loading data...
_api           INFO 	Fetching session info data...
req            INFO 	Data has been written to cache!
core           INFO 	Processing timing data...
core        WARNING 	No lap data for driver 23
req            INFO 	Data has been written to cache!
req            INFO 	No cached data found for driver_info. Loading data...
_api           INFO 	Fetching driver list...
req            INFO 	No cached data found for session_status_data. Loading data...
_api           INFO 	Fetching session status data...
core        WARNING 	Failed to perform lap accuracy check - all laps marked as inaccurate (driver 23)
req            INFO 	No cached data found for weather_data. Loading data...
_api           INFO 	Fetching weather data...
req            INFO 	Data has been written to cache!
req            INFO 	Data has been written to cache!
req            INFO 	No cached data found for track_status_data. Loading data...
_api           INFO 	Fetching track status data...
req            INFO 	Data has been written to cache!
core           INFO 	Finished loading data for 20 drivers: ['1', '4', '10', '11', '14', '16', '18', '20', '22', '23', '24', '27', '30', '31', '43', '44', '55', '63', '77', '81']
2026-03-20 23:31:42,673 [INFO] src.data.fetcher: Fetched 87 laps (5 fastest/driver), 14 cols: 2024 R20 FP2
2026-03-20 23:31:42,677 [INFO] src.data.loader: Saved raw data: data/raw/2024_R20_FP2.parquet
req            INFO 	Data has been written to cache!
req            INFO 	No cached data found for _extended_timing_data. Loading data...
_api           INFO 	Fetching timing data...
core           INFO 	Finished loading data for 20 drivers: ['4', '1', '44', '63', '81', '27', '14', '22', '16', '55', '23', '43', '11', '20', '31', '3', '18', '10', '77', '24']
2026-03-20 23:31:42,874 [INFO] fetch_season: Saved quali results: data/raw/2024_R18_Q_results.parquet
2026-03-20 23:31:42,874 [INFO] fetch_season: Round 18 done — 3 new files saved.
2026-03-20 23:31:42,875 [INFO] fetch_season: Fetching: 2024 R22 (Las Vegas Grand Prix) FP1
core           INFO 	Loading data for Las Vegas Grand Prix - Practice 1 [v3.8.1]
req            INFO 	No cached data found for session_info. Loading data...
_api           INFO 	Fetching session info data...
req            INFO 	Data has been written to cache!
req            INFO 	No cached data found for driver_info. Loading data...
_api           INFO 	Fetching driver list...
_api           INFO 	Parsing timing data...
2026-03-20 23:31:43,705 [INFO] fetch_season: Fetching: 2024 R20 (Mexico City Grand Prix) FP3
req            INFO 	Data has been written to cache!
req            INFO 	Data has been written to cache!
req            INFO 	No cached data found for timing_app_data. Loading data...
_api           INFO 	Fetching timing app data...
core           INFO 	Loading data for Mexico City Grand Prix - Practice 3 [v3.8.1]
req            INFO 	No cached data found for session_info. Loading data...
_api           INFO 	Fetching session info data...
req            INFO 	No cached data found for session_status_data. Loading data...
_api           INFO 	Fetching session status data...
req            INFO 	Data has been written to cache!
req            INFO 	No cached data found for track_status_data. Loading data...
_api           INFO 	Fetching track status data...
req            INFO 	Data has been written to cache!
req            INFO 	No cached data found for driver_info. Loading data...
_api           INFO 	Fetching driver list...
req            INFO 	Data has been written to cache!
core           INFO 	Processing timing data...
req            INFO 	Data has been written to cache!
req            INFO 	No cached data found for _extended_timing_data. Loading data...
_api           INFO 	Fetching timing data...
req            INFO 	No cached data found for weather_data. Loading data...
_api           INFO 	Fetching weather data...
req            INFO 	Data has been written to cache!
req            INFO 	No cached data found for session_status_data. Loading data...
_api           INFO 	Fetching session status data...
req            INFO 	Data has been written to cache!
core           INFO 	Finished loading data for 20 drivers: ['1', '4', '10', '11', '14', '16', '18', '22', '23', '24', '27', '30', '31', '43', '44', '50', '55', '63', '77', '81']
2026-03-20 23:31:45,474 [INFO] src.data.fetcher: Fetched 100 laps (5 fastest/driver), 14 cols: 2024 R21 FP1
2026-03-20 23:31:45,480 [INFO] src.data.loader: Saved raw data: data/raw/2024_R21_FP1.parquet
_api           INFO 	Parsing timing data...
req            INFO 	Data has been written to cache!
req            INFO 	No cached data found for track_status_data. Loading data...
_api           INFO 	Fetching track status data...
req            INFO 	Data has been written to cache!
req            INFO 	No cached data found for timing_app_data. Loading data...
_api           INFO 	Fetching timing app data...
req            INFO 	Data has been written to cache!
req            INFO 	No cached data found for _extended_timing_data. Loading data...
_api           INFO 	Fetching timing data...
--- Logging error ---
Traceback (most recent call last):
  File "C:\Users\moram\AppData\Local\Programs\Python\Python311\Lib\logging\__init__.py", line 1113, in emit
    stream.write(msg + self.terminator)
  File "C:\Users\moram\AppData\Local\Programs\Python\Python311\Lib\encodings\cp1250.py", line 19, in encode
    return codecs.charmap_encode(input,self.errors,encoding_table)[0]
           ^^^^^^^^^^^^^^^^^^^^^^^^^^^^^^^^^^^^^^^^^^^^^^^^^^^^^^^
UnicodeEncodeError: 'charmap' codec can't encode character '\xe3' in position 66: character maps to <undefined>
Call stack:
  File "C:\Users\moram\AppData\Local\Programs\Python\Python311\Lib\threading.py", line 995, in _bootstrap
    self._bootstrap_inner()
  File "C:\Users\moram\AppData\Local\Programs\Python\Python311\Lib\threading.py", line 1038, in _bootstrap_inner
    self.run()
  File "C:\Users\moram\AppData\Local\Programs\Python\Python311\Lib\threading.py", line 975, in run
    self._target(*self._args, **self._kwargs)
  File "C:\Users\moram\AppData\Local\Programs\Python\Python311\Lib\concurrent\futures\thread.py", line 83, in _worker
    work_item.run()
  File "C:\Users\moram\AppData\Local\Programs\Python\Python311\Lib\concurrent\futures\thread.py", line 58, in run
    result = self.fn(*self.args, **self.kwargs)
  File "C:\Users\moram\Documents\Móra Márton\ELTE\f1_project\venv\prediction_project\scripts\fetch_season.py", line 76, in fetch_round
    logger.info(f"Fetching: {year} R{round_number} ({event_name}) {session}")
Message: 'Fetching: 2024 R21 (S\xe3o Paulo Grand Prix) FP2'
Arguments: ()
2026-03-20 23:31:46,495 [ERROR] src.data.fetcher: Failed to fetch 2024 R21 FP2: Session type 'Practice 2' does not exist for this event
req            INFO 	Data has been written to cache!
core           INFO 	Processing timing data...
core        WARNING 	Fixed incorrect tyre stint information for driver '16'
core        WARNING 	Fixed incorrect tyre stint information for driver '20'
core        WARNING 	Fixed incorrect tyre stint information for driver '22'
core        WARNING 	Fixed incorrect tyre stint information for driver '27'
core        WARNING 	Fixed incorrect tyre stint information for driver '81'
req            INFO 	No cached data found for weather_data. Loading data...
_api           INFO 	Fetching weather data...
_api           INFO 	Parsing timing data...
--- Logging error ---
Traceback (most recent call last):
  File "C:\Users\moram\AppData\Local\Programs\Python\Python311\Lib\logging\__init__.py", line 1113, in emit
    stream.write(msg + self.terminator)
  File "C:\Users\moram\AppData\Local\Programs\Python\Python311\Lib\encodings\cp1250.py", line 19, in encode
    return codecs.charmap_encode(input,self.errors,encoding_table)[0]
           ^^^^^^^^^^^^^^^^^^^^^^^^^^^^^^^^^^^^^^^^^^^^^^^^^^^^^^^
UnicodeEncodeError: 'charmap' codec can't encode character '\xe3' in position 66: character maps to <undefined>
Call stack:
  File "C:\Users\moram\AppData\Local\Programs\Python\Python311\Lib\threading.py", line 995, in _bootstrap
    self._bootstrap_inner()
  File "C:\Users\moram\AppData\Local\Programs\Python\Python311\Lib\threading.py", line 1038, in _bootstrap_inner
    self.run()
  File "C:\Users\moram\AppData\Local\Programs\Python\Python311\Lib\threading.py", line 975, in run
    self._target(*self._args, **self._kwargs)
  File "C:\Users\moram\AppData\Local\Programs\Python\Python311\Lib\concurrent\futures\thread.py", line 83, in _worker
    work_item.run()
  File "C:\Users\moram\AppData\Local\Programs\Python\Python311\Lib\concurrent\futures\thread.py", line 58, in run
    result = self.fn(*self.args, **self.kwargs)
  File "C:\Users\moram\Documents\Móra Márton\ELTE\f1_project\venv\prediction_project\scripts\fetch_season.py", line 76, in fetch_round
    logger.info(f"Fetching: {year} R{round_number} ({event_name}) {session}")
Message: 'Fetching: 2024 R21 (S\xe3o Paulo Grand Prix) FP3'
Arguments: ()
req            INFO 	Data has been written to cache!
req            INFO 	No cached data found for timing_app_data. Loading data...
_api           INFO 	Fetching timing app data...
req            INFO 	Data has been written to cache!
core           INFO 	Finished loading data for 20 drivers: ['1', '4', '10', '11', '14', '16', '18', '20', '22', '23', '24', '27', '30', '31', '43', '44', '55', '63', '77', '81']
2026-03-20 23:31:47,629 [INFO] src.data.fetcher: Fetched 100 laps (5 fastest/driver), 14 cols: 2024 R22 FP1
2026-03-20 23:31:47,640 [ERROR] src.data.fetcher: Failed to fetch 2024 R21 FP3: Session type 'Practice 3' does not exist for this event
2026-03-20 23:31:47,643 [INFO] src.data.loader: Saved raw data: data/raw/2024_R22_FP1.parquet
req            INFO 	Data has been written to cache!
core           INFO 	Processing timing data...
req            INFO 	No cached data found for weather_data. Loading data...
_api           INFO 	Fetching weather data...
req            INFO 	Data has been written to cache!
core           INFO 	Finished loading data for 20 drivers: ['1', '4', '10', '11', '14', '16', '18', '20', '22', '23', '24', '27', '30', '31', '43', '44', '55', '63', '77', '81']
2026-03-20 23:31:48,662 [INFO] fetch_season: Fetching: 2024 R22 (Las Vegas Grand Prix) FP2
2026-03-20 23:31:48,667 [INFO] src.data.fetcher: Fetched 100 laps (5 fastest/driver), 14 cols: 2024 R20 FP3
core           INFO 	Loading data for S\xe3o Paulo Grand Prix - Qualifying [v3.8.1]
2026-03-20 23:31:48,683 [INFO] src.data.loader: Saved raw data: data/raw/2024_R20_FP3.parquet
req            INFO 	No cached data found for session_info. Loading data...
_api           INFO 	Fetching session info data...
core           INFO 	Loading data for Las Vegas Grand Prix - Practice 2 [v3.8.1]
req            INFO 	No cached data found for session_info. Loading data...
_api           INFO 	Fetching session info data...
req            INFO 	Data has been written to cache!
req            INFO 	No cached data found for driver_info. Loading data...
_api           INFO 	Fetching driver list...
req            INFO 	Data has been written to cache!
req            INFO 	No cached data found for driver_info. Loading data...
_api           INFO 	Fetching driver list...
req            INFO 	Data has been written to cache!
core           INFO 	Finished loading data for 20 drivers: ['4', '63', '22', '31', '30', '16', '23', '81', '14', '18', '77', '1', '11', '55', '10', '44', '50', '43', '27', '24']
2026-03-20 23:31:49,447 [INFO] fetch_season: Saved quali results: data/raw/2024_R21_Q_results.parquet
2026-03-20 23:31:49,447 [INFO] fetch_season: Round 21 done — 1 new files saved.
2026-03-20 23:31:49,447 [INFO] fetch_season: Fetching: 2024 R23 (Qatar Grand Prix) FP1
core           INFO 	Loading data for Qatar Grand Prix - Practice 1 [v3.8.1]
req            INFO 	No cached data found for session_info. Loading data...
_api           INFO 	Fetching session info data...
req            INFO 	Data has been written to cache!
req            INFO 	No cached data found for session_status_data. Loading data...
_api           INFO 	Fetching session status data...
req            INFO 	Data has been written to cache!
req            INFO 	No cached data found for driver_info. Loading data...
_api           INFO 	Fetching driver list...
core           INFO 	Loading data for Mexico City Grand Prix - Qualifying [v3.8.1]
req            INFO 	No cached data found for session_info. Loading data...
_api           INFO 	Fetching session info data...
req            INFO 	Data has been written to cache!
req            INFO 	Data has been written to cache!
req            INFO 	No cached data found for track_status_data. Loading data...
_api           INFO 	Fetching track status data...
req            INFO 	Data has been written to cache!
req            INFO 	No cached data found for driver_info. Loading data...
_api           INFO 	Fetching driver list...
req            INFO 	Data has been written to cache!
req            INFO 	No cached data found for session_status_data. Loading data...
_api           INFO 	Fetching session status data...
req            INFO 	Data has been written to cache!
req            INFO 	No cached data found for _extended_timing_data. Loading data...
_api           INFO 	Fetching timing data...
core           INFO 	Finished loading data for 20 drivers: ['55', '1', '4', '16', '63', '44', '20', '10', '23', '27', '22', '30', '14', '18', '77', '43', '81', '11', '31', '24']
2026-03-20 23:31:50,325 [INFO] fetch_season: Saved quali results: data/raw/2024_R20_Q_results.parquet
2026-03-20 23:31:50,325 [INFO] fetch_season: Round 20 done — 3 new files saved.
2026-03-20 23:31:50,325 [INFO] fetch_season: Fetching: 2024 R24 (Abu Dhabi Grand Prix) FP1
core           INFO 	Loading data for Abu Dhabi Grand Prix - Practice 1 [v3.8.1]
req            INFO 	No cached data found for session_info. Loading data...
_api           INFO 	Fetching session info data...
req            INFO 	Data has been written to cache!
req            INFO 	No cached data found for track_status_data. Loading data...
_api           INFO 	Fetching track status data...
_api           INFO 	Parsing timing data...
req            INFO 	Data has been written to cache!
req            INFO 	No cached data found for driver_info. Loading data...
_api           INFO 	Fetching driver list...
req            INFO 	Data has been written to cache!
req            INFO 	No cached data found for timing_app_data. Loading data...
_api           INFO 	Fetching timing app data...
req            INFO 	Data has been written to cache!
req            INFO 	No cached data found for _extended_timing_data. Loading data...
_api           INFO 	Fetching timing data...
req            INFO 	Data has been written to cache!
req            INFO 	No cached data found for session_status_data. Loading data...
_api           INFO 	Fetching session status data...
req            INFO 	Data has been written to cache!
core           INFO 	Processing timing data...
req            INFO 	Data has been written to cache!
req            INFO 	No cached data found for track_status_data. Loading data...
_api           INFO 	Fetching track status data...
req            INFO 	Data has been written to cache!
req            INFO 	No cached data found for _extended_timing_data. Loading data...
_api           INFO 	Fetching timing data...
req            INFO 	No cached data found for weather_data. Loading data...
_api           INFO 	Fetching weather data...
_api           INFO 	Parsing timing data...
req            INFO 	Data has been written to cache!
req            INFO 	No cached data found for timing_app_data. Loading data...
_api           INFO 	Fetching timing app data...
req            INFO 	Data has been written to cache!
core           INFO 	Finished loading data for 20 drivers: ['1', '4', '10', '11', '14', '16', '18', '20', '22', '23', '24', '27', '30', '31', '43', '44', '55', '63', '77', '81']
2026-03-20 23:31:52,724 [INFO] src.data.fetcher: Fetched 96 laps (5 fastest/driver), 14 cols: 2024 R22 FP2
2026-03-20 23:31:52,729 [INFO] src.data.loader: Saved raw data: data/raw/2024_R22_FP2.parquet
_api           INFO 	Parsing timing data...
req            INFO 	Data has been written to cache!
core           INFO 	Processing timing data...
req            INFO 	Data has been written to cache!
req            INFO 	No cached data found for timing_app_data. Loading data...
_api           INFO 	Fetching timing app data...
2026-03-20 23:31:53,741 [INFO] fetch_season: Fetching: 2024 R22 (Las Vegas Grand Prix) FP3
req            INFO 	No cached data found for weather_data. Loading data...
_api           INFO 	Fetching weather data...
core           INFO 	Loading data for Las Vegas Grand Prix - Practice 3 [v3.8.1]
req            INFO 	No cached data found for session_info. Loading data...
_api           INFO 	Fetching session info data...
req            INFO 	Data has been written to cache!
core           INFO 	Processing timing data...
req            INFO 	Data has been written to cache!
req            INFO 	No cached data found for driver_info. Loading data...
_api           INFO 	Fetching driver list...
req            INFO 	Data has been written to cache!
req            INFO 	No cached data found for weather_data. Loading data...
_api           INFO 	Fetching weather data...
core           INFO 	Finished loading data for 20 drivers: ['1', '4', '10', '11', '14', '16', '18', '20', '22', '23', '24', '27', '30', '31', '43', '44', '55', '63', '77', '81']
2026-03-20 23:31:54,604 [INFO] src.data.fetcher: Fetched 100 laps (5 fastest/driver), 14 cols: 2024 R23 FP1
2026-03-20 23:31:54,609 [INFO] src.data.loader: Saved raw data: data/raw/2024_R23_FP1.parquet
req            INFO 	Data has been written to cache!
req            INFO 	No cached data found for session_status_data. Loading data...
_api           INFO 	Fetching session status data...
req            INFO 	Data has been written to cache!
core           INFO 	Finished loading data for 20 drivers: ['4', '10', '11', '14', '16', '20', '24', '27', '28', '30', '34', '37', '39', '40', '43', '44', '46', '61', '63', '77']
2026-03-20 23:31:55,130 [INFO] src.data.fetcher: Fetched 100 laps (5 fastest/driver), 14 cols: 2024 R24 FP1
2026-03-20 23:31:55,136 [INFO] src.data.loader: Saved raw data: data/raw/2024_R24_FP1.parquet
req            INFO 	Data has been written to cache!
req            INFO 	No cached data found for track_status_data. Loading data...
_api           INFO 	Fetching track status data...
req            INFO 	Data has been written to cache!
req            INFO 	No cached data found for _extended_timing_data. Loading data...
_api           INFO 	Fetching timing data...
2026-03-20 23:31:55,610 [INFO] fetch_season: Fetching: 2024 R23 (Qatar Grand Prix) FP2
2026-03-20 23:31:55,626 [ERROR] src.data.fetcher: Failed to fetch 2024 R23 FP2: Session type 'Practice 2' does not exist for this event
2026-03-20 23:31:56,189 [INFO] fetch_season: Fetching: 2024 R24 (Abu Dhabi Grand Prix) FP2
_api           INFO 	Parsing timing data...
req            INFO 	Data has been written to cache!
req            INFO 	No cached data found for timing_app_data. Loading data...
_api           INFO 	Fetching timing app data...
core           INFO 	Loading data for Abu Dhabi Grand Prix - Practice 2 [v3.8.1]
req            INFO 	No cached data found for session_info. Loading data...
_api           INFO 	Fetching session info data...
2026-03-20 23:31:56,627 [INFO] fetch_season: Fetching: 2024 R23 (Qatar Grand Prix) FP3
2026-03-20 23:31:56,641 [ERROR] src.data.fetcher: Failed to fetch 2024 R23 FP3: Session type 'Practice 3' does not exist for this event
req            INFO 	Data has been written to cache!
core           INFO 	Processing timing data...
core        WARNING 	Fixed incorrect tyre stint information for driver '4'
core        WARNING 	Fixed incorrect tyre stint information for driver '27'
req            INFO 	Data has been written to cache!
req            INFO 	No cached data found for weather_data. Loading data...
_api           INFO 	Fetching weather data...
req            INFO 	No cached data found for driver_info. Loading data...
_api           INFO 	Fetching driver list...
req            INFO 	Data has been written to cache!
core           INFO 	Finished loading data for 20 drivers: ['1', '4', '10', '11', '14', '16', '18', '20', '22', '23', '24', '27', '30', '31', '43', '44', '55', '63', '77', '81']
2026-03-20 23:31:57,447 [INFO] src.data.fetcher: Fetched 100 laps (5 fastest/driver), 14 cols: 2024 R22 FP3
2026-03-20 23:31:57,452 [INFO] src.data.loader: Saved raw data: data/raw/2024_R22_FP3.parquet
core           INFO 	Loading data for Qatar Grand Prix - Qualifying [v3.8.1]
req            INFO 	No cached data found for session_info. Loading data...
_api           INFO 	Fetching session info data...
req            INFO 	Data has been written to cache!
req            INFO 	No cached data found for session_status_data. Loading data...
_api           INFO 	Fetching session status data...
req            INFO 	Data has been written to cache!
req            INFO 	No cached data found for driver_info. Loading data...
_api           INFO 	Fetching driver list...
req            INFO 	Data has been written to cache!
req            INFO 	No cached data found for track_status_data. Loading data...
_api           INFO 	Fetching track status data...
req            INFO 	Data has been written to cache!
req            INFO 	Data has been written to cache!
req            INFO 	No cached data found for _extended_timing_data. Loading data...
_api           INFO 	Fetching timing data...
core           INFO 	Loading data for Las Vegas Grand Prix - Qualifying [v3.8.1]
req            INFO 	No cached data found for session_info. Loading data...
_api           INFO 	Fetching session info data...
core           INFO 	Finished loading data for 20 drivers: ['1', '63', '4', '81', '16', '44', '55', '14', '11', '20', '10', '24', '77', '22', '18', '23', '30', '27', '43', '31']
2026-03-20 23:31:58,625 [INFO] fetch_season: Saved quali results: data/raw/2024_R23_Q_results.parquet
2026-03-20 23:31:58,625 [INFO] fetch_season: Round 23 done — 1 new files saved.
req            INFO 	Data has been written to cache!
req            INFO 	No cached data found for driver_info. Loading data...
_api           INFO 	Fetching driver list...
_api           INFO 	Parsing timing data...
req            INFO 	Data has been written to cache!
req            INFO 	Data has been written to cache!
req            INFO 	No cached data found for timing_app_data. Loading data...
_api           INFO 	Fetching timing app data...
core           INFO 	Finished loading data for 20 drivers: ['63', '55', '10', '16', '1', '4', '22', '81', '27', '44', '31', '20', '24', '43', '30', '11', '14', '23', '77', '18']
2026-03-20 23:31:59,704 [INFO] fetch_season: Saved quali results: data/raw/2024_R22_Q_results.parquet
2026-03-20 23:31:59,704 [INFO] fetch_season: Round 22 done — 3 new files saved.
req            INFO 	Data has been written to cache!
core           INFO 	Processing timing data...
req            INFO 	No cached data found for weather_data. Loading data...
_api           INFO 	Fetching weather data...
req            INFO 	Data has been written to cache!
core           INFO 	Finished loading data for 20 drivers: ['1', '4', '10', '11', '14', '16', '18', '20', '22', '23', '24', '27', '30', '43', '44', '55', '61', '63', '77', '81']
2026-03-20 23:32:00,855 [INFO] src.data.fetcher: Fetched 100 laps (5 fastest/driver), 14 cols: 2024 R24 FP2
2026-03-20 23:32:00,859 [INFO] src.data.loader: Saved raw data: data/raw/2024_R24_FP2.parquet
2026-03-20 23:32:01,860 [INFO] fetch_season: Fetching: 2024 R24 (Abu Dhabi Grand Prix) FP3
core           INFO 	Loading data for Abu Dhabi Grand Prix - Practice 3 [v3.8.1]
req            INFO 	No cached data found for session_info. Loading data...
_api           INFO 	Fetching session info data...
req            INFO 	Data has been written to cache!
req            INFO 	No cached data found for driver_info. Loading data...
_api           INFO 	Fetching driver list...
req            INFO 	Data has been written to cache!
req            INFO 	No cached data found for session_status_data. Loading data...
_api           INFO 	Fetching session status data...
req            INFO 	Data has been written to cache!
req            INFO 	No cached data found for track_status_data. Loading data...
_api           INFO 	Fetching track status data...
req            INFO 	Data has been written to cache!
req            INFO 	No cached data found for _extended_timing_data. Loading data...
_api           INFO 	Fetching timing data...
_api           INFO 	Parsing timing data...
req            INFO 	Data has been written to cache!
req            INFO 	No cached data found for timing_app_data. Loading data...
_api           INFO 	Fetching timing app data...
req            INFO 	Data has been written to cache!
core           INFO 	Processing timing data...
req            INFO 	No cached data found for weather_data. Loading data...
_api           INFO 	Fetching weather data...
req            INFO 	Data has been written to cache!
core           INFO 	Finished loading data for 20 drivers: ['1', '4', '10', '11', '14', '16', '18', '20', '22', '23', '24', '27', '30', '43', '44', '55', '61', '63', '77', '81']
2026-03-20 23:32:04,722 [INFO] src.data.fetcher: Fetched 100 laps (5 fastest/driver), 14 cols: 2024 R24 FP3
2026-03-20 23:32:04,727 [INFO] src.data.loader: Saved raw data: data/raw/2024_R24_FP3.parquet
core           INFO 	Loading data for Abu Dhabi Grand Prix - Qualifying [v3.8.1]
req            INFO 	No cached data found for session_info. Loading data...
_api           INFO 	Fetching session info data...
req            INFO 	Data has been written to cache!
req            INFO 	No cached data found for driver_info. Loading data...
_api           INFO 	Fetching driver list...
req            INFO 	Data has been written to cache!
core           INFO 	Finished loading data for 20 drivers: ['4', '81', '55', '27', '1', '10', '63', '14', '77', '11', '22', '30', '18', '16', '20', '23', '24', '44', '43', '61']
2026-03-20 23:32:06,489 [INFO] fetch_season: Saved quali results: data/raw/2024_R24_Q_results.parquet
2026-03-20 23:32:06,490 [INFO] fetch_season: Round 24 done — 3 new files saved.
2026-03-20 23:32:06,490 [INFO] fetch_season: Finished. 30 new files saved across 24 rounds.
